<?xml version="1.0" encoding="UTF-8"?>
<robot generator="Robot 6.0.1 (Python 3.11.1 on win32)" generated="20230105 16:53:22.340" rpa="false" schemaversion="3">
<suite id="s1" name="Amazon Desafio Gherkin Bdd" source="C:\CursoUdemy\RobotFramework\Desafio\amazon_desafio_gherkin_bdd.robot">
<test id="s1-t1" name="Caso de Teste 03 - Adicionar Produto no Carrinho" line="9">
<kw name="Abrir o navegador" library="amazon_resources" type="SETUP">
<kw name="Open Browser" library="SeleniumLibrary">
<arg>browser=chrome</arg>
<doc>Opens a new browser instance to the optional ``url``.</doc>
<msg timestamp="20230105 16:53:22.490" level="INFO">Opening browser 'chrome' to base url 'None'.</msg>
<status status="PASS" starttime="20230105 16:53:22.490" endtime="20230105 16:53:23.650"/>
</kw>
<kw name="Maximize Browser Window" library="SeleniumLibrary">
<doc>Maximizes current browser window.</doc>
<status status="PASS" starttime="20230105 16:53:23.650" endtime="20230105 16:53:23.768"/>
</kw>
<status status="PASS" starttime="20230105 16:53:22.489" endtime="20230105 16:53:23.768"/>
</kw>
<kw name=" Dado que estou na home page do site amazon.com.br" library="amazon_resources">
<kw name="Acessar a home page do site amazon.com.br" library="amazon_resources">
<kw name="Go To" library="SeleniumLibrary">
<arg>url=${URL}</arg>
<doc>Navigates the current browser window to the provided ``url``.</doc>
<msg timestamp="20230105 16:53:23.770" level="INFO">Opening url 'https://www.amazon.com.br/'</msg>
<status status="PASS" starttime="20230105 16:53:23.770" endtime="20230105 16:53:27.029"/>
</kw>
<kw name="Wait Until Element Is Visible" library="SeleniumLibrary">
<arg>locator=${MENU_VENDA}</arg>
<doc>Waits until the element ``locator`` is visible.</doc>
<status status="PASS" starttime="20230105 16:53:27.029" endtime="20230105 16:53:27.063"/>
</kw>
<status status="PASS" starttime="20230105 16:53:23.769" endtime="20230105 16:53:27.064"/>
</kw>
<status status="PASS" starttime="20230105 16:53:23.769" endtime="20230105 16:53:27.064"/>
</kw>
<kw name="Quando pesquisar o produto &quot;Xbox Series S&quot;" library="amazon_resources" sourcename="Quando pesquisar o produto &quot;${PRODUTO}&quot;">
<kw name="Digitar o nome de produto &quot;${PRODUTO}&quot; no campo de pesquisa" library="amazon_resources" sourcename="Digitar o nome de produto &quot;${PRODUTO}&quot; no campo de pesquisa">
<kw name="Input Text" library="SeleniumLibrary">
<arg>locator=twotabsearchtextbox</arg>
<arg>text=${PRODUTO}</arg>
<doc>Types the given ``text`` into the text field identified by ``locator``.</doc>
<msg timestamp="20230105 16:53:27.066" level="INFO">Typing text 'Xbox Series S' into text field 'twotabsearchtextbox'.</msg>
<status status="PASS" starttime="20230105 16:53:27.066" endtime="20230105 16:53:27.304"/>
</kw>
<status status="PASS" starttime="20230105 16:53:27.066" endtime="20230105 16:53:27.304"/>
</kw>
<kw name="Clicar no botão de pesquisa" library="amazon_resources">
<kw name="Click Element" library="SeleniumLibrary">
<arg>locator=nav-search-submit-button</arg>
<doc>Click the element identified by ``locator``.</doc>
<msg timestamp="20230105 16:53:27.305" level="INFO">Clicking element 'nav-search-submit-button'.</msg>
<status status="PASS" starttime="20230105 16:53:27.305" endtime="20230105 16:53:27.433"/>
</kw>
<status status="PASS" starttime="20230105 16:53:27.304" endtime="20230105 16:53:27.433"/>
</kw>
<status status="PASS" starttime="20230105 16:53:27.066" endtime="20230105 16:53:27.433"/>
</kw>
<kw name="Então a pesquisa irá listar o produto &quot;Console Xbox Series S&quot;">
<msg timestamp="20230105 16:53:27.436" level="FAIL">No keyword with name 'Então a pesquisa irá listar o produto "Console Xbox Series S"' found.</msg>
<status status="FAIL" starttime="20230105 16:53:27.436" endtime="20230105 16:53:27.436"/>
</kw>
<kw name="E Adicionar o produto &quot;Console Xbox Series S&quot; no carrinho" library="amazon_resources" sourcename="E Adicionar o produto &quot;${PRODUTO}&quot; no carrinho">
<status status="NOT RUN" starttime="20230105 16:53:27.437" endtime="20230105 16:53:27.437"/>
</kw>
<kw name="E Verificar se o produto Console Xbox Series S foi &quot;Adicionado ao carrinho&quot;" library="amazon_resources" sourcename="E Verificar se o produto Console Xbox Series S foi &quot;${ADICIONADO}&quot;">
<status status="NOT RUN" starttime="20230105 16:53:27.438" endtime="20230105 16:53:27.438"/>
</kw>
<doc>Este teste verifica a adição de um produto no carrinho de compras.</doc>
<tag>adicionar_carrinho</tag>
<status status="FAIL" starttime="20230105 16:53:22.489" endtime="20230105 16:53:27.439">No keyword with name 'Então a pesquisa irá listar o produto "Console Xbox Series S"' found.</status>
</test>
<doc>Essa suíte testa o site da amazon.com.br</doc>
<status status="FAIL" starttime="20230105 16:53:22.341" endtime="20230105 16:53:27.440"/>
</suite>
<statistics>
<total>
<stat pass="0" fail="1" skip="0">All Tests</stat>
</total>
<tag>
<stat pass="0" fail="1" skip="0">adicionar_carrinho</stat>
</tag>
<suite>
<stat pass="0" fail="1" skip="0" id="s1" name="Amazon Desafio Gherkin Bdd">Amazon Desafio Gherkin Bdd</stat>
</suite>
</statistics>
<errors>
</errors>
</robot>
