<?xml version="1.0" encoding="UTF-8"?>
<robot generator="Robot 6.0.1 (Python 3.11.1 on win32)" generated="20230107 22:53:52.187" rpa="false" schemaversion="3">
<suite id="s1" name="TestCasesAPIBooks" source="C:\CursoUdemy\RobotFramework\BooksAPI\TestCasesAPIBooks.robot">
<kw name="Conectar a minha API" library="ResourceAPI" type="SETUP">
<kw name="Create Session" library="RequestsLibrary">
<arg>fakeAPI</arg>
<arg>${URL_API}</arg>
<doc>Create Session: create a HTTP session to a server</doc>
<msg timestamp="20230107 22:53:52.312" level="INFO">Creating Session using : alias=fakeAPI, url=https://fakerestapi.azurewebsites.net/api/v1/, headers={},                     cookies={}, auth=None, timeout=None, proxies=None, verify=False,                     debug=0 </msg>
<status status="PASS" starttime="20230107 22:53:52.311" endtime="20230107 22:53:52.312"/>
</kw>
<status status="PASS" starttime="20230107 22:53:52.311" endtime="20230107 22:53:52.312"/>
</kw>
<test id="s1-t1" name="Buscar a mensagem de todos os livros (Get em todos os livros)" line="10">
<kw name="Requisitar todos os livros" library="ResourceAPI">
<kw name="Get Request" library="RequestsLibrary">
<var>${RESPOSTA}</var>
<arg>fakeAPI</arg>
<arg>Books</arg>
<doc>Send a GET request on the session object found using the
given `alias`</doc>
<msg timestamp="20230107 22:53:55.200" level="INFO">GET Request : url=https://fakerestapi.azurewebsites.net/api/v1//Books 
 path_url=/api/v1//Books 
 headers={'User-Agent': 'python-requests/2.28.1', 'Accept-Encoding': 'gzip, deflate', 'Accept': '*/*', 'Connection': 'keep-alive'} 
 body=None 
 </msg>
<msg timestamp="20230107 22:53:55.202" level="INFO">GET Response : url=https://fakerestapi.azurewebsites.net/api/v1//Books 
 status=200, reason=OK 
 body=[{"id":1,"title":"Book 1","description":"Labore ea invidunt invidunt consetetur sit est elitr elitr sit sit. Amet qui elitr vulputate sanctus. Magna ea et nonumy duis stet erat takimata tincidunt sed et lorem veniam. Stet et eirmod quod sadipscing euismod lorem clita amet esse in dolor ipsum dolor. Dolore duo eros qui. Nonumy duis dolore vulputate sadipscing magna iriure minim amet labore ipsum placerat feugait diam rebum minim. Vero nisl dolores sit justo invidunt diam molestie duo aliquyam rebum no. Rebum labore dolore dolores tempor takimata ipsum diam delenit sea tempor sanctus feugiat autem euismod suscipit. Accusam duis nulla elitr takimata et dolore accusam sea dolores amet lorem exerci nobis eirmod dolor sed.\n","pageCount":100,"excerpt":"Ipsum dolor at ipsum nulla et in et. Aliquip et facilisi dolor diam est stet et sit at. Ex ipsum eirmod erat clita. Iriure ea sit. Sed at stet gubergren minim et sanctus rebum no ut. Et duis erat tincidunt facilisis dolor dolor in labore ut sanctus et et dolor commodo takimata. Kasd ipsum vel ut erat amet magna. Vero dignissim ipsum rebum nonummy nulla sea clita possim. Elitr labore imperdiet dignissim sed justo quis in. Est et sanctus sit vero dolore diam sit eum erat vel et et sadipscing vulputate at sed rebum kasd. Ut lorem dolore. Magna est et et. Dolores lorem kasd. Sit dolores dolores consetetur minim liber. Ea sanctus et ea. Aliquyam eos in est ad kasd. Iusto est feugiat odio. Sanctus nonumy et ut accusam lorem justo esse ea facilisis commodo doming suscipit diam elitr et. Et consequat diam amet dolores lobortis dolor kasd delenit quod labore invidunt dolores.\nElitr invidunt odio nulla est. Labore labore kasd gubergren dolor molestie et tempor amet eirmod velit odio nobis nobis aliquyam ipsum sea ut. Vel sadipscing et amet sadipscing ea esse aliquam velit duo et vel. Lorem no ex duis et minim sadipscing takimata et amet eirmod blandit elitr wisi et facilisi invidunt dolor. Erat adipiscing amet tempor magna facilisis ut te stet rebum praesent est praesent elitr. Congue feugiat ipsum vel lorem et labore kasd aliquyam aliquip esse ut. Eu voluptua facilisi consectetuer in augue dolor ipsum vero dolores magna magna est dolores dolore et ea sit. Ad hendrerit sit hendrerit voluptua sed rebum. Sadipscing ut ut eos sit sed dolor sed accusam et ipsum accumsan justo sed suscipit diam eu tempor vero. Dolor dolore et autem sed magna sit eos justo eos feugait takimata eros aliquip lorem. Nonumy gubergren dolore ea dignissim in sea. Ea elitr adipiscing nibh tincidunt no option sit sanctus. Ex rebum est. Ipsum sed et dolor tincidunt delenit dolores in sed vel dolores tempor justo zzril dolores eros velit et. Et facilisis liber in clita liber ipsum justo sit et labore et nonumy sea gubergren ipsum.\nSed sanctus ex et labore. Ipsum qui amet iriure invidunt ea lorem eirmod dolore et sea ipsum labore clita. Est erat dolor feugiat et sea delenit sed illum tempor aliquam sit magna justo eros. Ut consetetur invidunt in sadipscing et. Rebum eirmod ipsum dolore rebum eirmod aliquyam kasd dolor invidunt et velit sea aliquyam tempor vero. Ut vel doming. Stet takimata et. Nostrud justo volutpat justo vero magna et amet. Lorem ea justo in erat kasd sanctus quis dolore. Eirmod et duo feugait erat. Et et nonumy diam.\nIn eros erat consequat et vero ipsum et magna elitr veniam tincidunt sit. Tempor kasd sit duo gubergren tempor iriure consequat dolor amet dolore et eros lorem dolore amet rebum diam magna. Takimata tempor sea magna eos duis elitr vero. Kasd dolor erat qui eirmod nulla. Clita ipsum kasd diam lorem magna sed sed. Aliquyam ut erat diam et et ex feugiat. Lorem gubergren amet sadipscing et. Consetetur at consetetur delenit veniam invidunt tincidunt justo takimata. Nonumy tempor et facilisis et diam ut et et clita praesent clita diam diam odio ea ut hendrerit diam. Amet magna takimata ipsum no invidunt minim. Rebum no tincidunt illum justo aliquyam lobortis quis ut invidunt. Amet et vero ea dolor eos. Ea est et vero sit eirmod sadipscing aliquyam lorem eu ut. Tempor gubergren diam vero quis consetetur at molestie voluptua ipsum amet ipsum lorem lorem.\nFeugait et dolore no takimata duo duis sit elitr consequat invidunt kasd volutpat labore dolores. Autem kasd et dolore kasd tation est consetetur diam ad aliquyam aliquyam kasd amet voluptua dolores lorem minim. Eirmod ea kasd ad te consequat vero dolor aliquyam amet sanctus duis et. Exerci sanctus et diam dolor dolor sed et amet eirmod voluptua rebum eirmod ipsum elitr kasd. Dolore iusto no odio diam sed vulputate dolor ipsum dolor diam ut vel luptatum placerat stet vero aliquyam. Iusto eirmod eros lorem. Ea eu delenit sit wisi ipsum. Eros delenit sit amet ea et et veniam ipsum duis lorem no. Clita et justo sit sed dolor dolore laoreet duis id lorem takimata et ex diam dolor.\n","publishDate":"2023-01-07T01:53:54.5309359+00:00"},{"id":2,"title":"Book 2","description":"Stet sit eirmod magna elit dolor ea ut rebum dolor magna dolores est. Dolor ipsum diam eirmod et. Voluptua ea lorem quod no. Molestie elitr lorem ipsum molestie iriure diam clita. Labore tation gubergren vero feugiat dolores labore dignissim praesent feugait sadipscing elitr consequat consetetur illum. Illum zzril nobis ut consetetur eirmod tempor sit sed eirmod elit.\n","pageCount":200,"excerpt":"Est et stet amet labore tempor voluptua nonumy labore vel sadipscing feugait kasd sanctus diam elit consetetur rebum invidunt. Amet ipsum magna veniam ut consequat sit. Nulla gubergren et et vero vero ut sed. In autem in ipsum nihil duis sit ut et. Diam nisl at magna est. Aliquyam at nihil takimata. Ea no eirmod dolore kasd in est vel wisi lorem.\nDolore ullamcorper illum liber diam duo soluta diam. At at id rebum molestie consequat magna ipsum et gubergren wisi sadipscing eos amet et nonummy in lorem. Dolore sadipscing consequat dolor diam hendrerit et diam ipsum sit rebum. Lorem lorem duis sadipscing lorem. Accusam stet zzril sea dolor. Vel hendrerit vulputate stet takimata. Commodo ea nonumy sea voluptua vulputate diam ipsum est consetetur at nonumy stet enim. Nonumy eirmod stet amet sea eum dolore sanctus ipsum justo dolor kasd quis est sed sed. Clita sadipscing illum velit delenit dolor labore ipsum at amet lorem ea stet voluptua wisi. Autem sed diam. Eos amet dolore sea at gubergren ipsum ea. Labore sed eos ut invidunt sit sit sit amet consetetur eos. Consequat nonumy ipsum eirmod enim ipsum diam et ad vel clita voluptua eos amet consequat. Consectetuer diam illum congue. Consequat molestie clita no dolores duo ut no dolores elit clita et vel eum dolor sit kasd diam. Erat feugait et nobis diam sanctus et sadipscing sed qui ipsum elit nonumy dolor. Autem sed at sadipscing et tempor. Dolor diam ea dolor laoreet et. Labore diam ea.\nDolor dolor dolores ut lorem sadipscing aliquip facilisi dolor sed. Dolor consetetur sanctus sit vel dolores elitr magna nisl et vero nonumy eirmod magna sed ipsum no vel clita. Nonumy ut nobis. Labore diam sadipscing magna ut consectetuer vel consetetur consequat no magna sit eros et erat magna. Ipsum sanctus ipsum iriure. Kasd aliquip vel eos zzril erat aliquyam amet facilisi labore ipsum et. Sed consetetur tempor diam et rebum accusam. In sit eos stet sanctus magna invidunt labore sit sed consequat. Labore elitr lorem aliquyam nisl est exerci. Delenit ea sit takimata nostrud amet voluptua cum in tempor justo ut. Qui rebum voluptua dolor consequat aliquyam sed lobortis diam. Diam et dolor sanctus autem et molestie est nisl gubergren at in sed voluptua. Ut delenit feugiat gubergren amet est diam placerat nonumy clita soluta veniam dolore. Est dolor vulputate lorem laoreet wisi duo vulputate voluptua aliquyam erat illum vero duo justo sed nonumy. Sit elit ipsum diam.\nMolestie ut sit stet te ut ut sit erat amet. Accusam est erat dolore amet assum magna eirmod tempor et eirmod ipsum. Takimata magna facilisis amet diam et ex nonumy gubergren lorem. Et ipsum ut praesent sea et nonumy amet tempor sit sea tempor lorem. Sed sit sit lobortis erat sit amet adipiscing amet labore ut aliquam rebum autem amet dolor nonummy sit vero.\nDolor ex sanctus takimata. In nulla accusam. Lobortis sit consequat labore diam sit et stet lorem. Stet vel augue diam zzril ut clita sit amet stet nonumy sanctus ut sea tincidunt. Facilisis consequat et et ea nostrud dolore eos amet ipsum elitr eum dignissim no ipsum gubergren. Feugiat dolores stet sanctus. Sed invidunt at erat sadipscing. Zzril vero voluptua amet ut in aliquip aliquam facilisi sea consectetuer molestie volutpat clita consetetur.\n","publishDate":"2023-01-06T01:53:54.5309989+00:00"},{"id":3,"title":"Book 3","description":"Labore magna qui nam sanctus consectetuer est in sed. Dolor aliquyam dolores labore aliquyam ut vulputate. Accumsan lorem feugait amet nonumy hendrerit. Kasd dolore lorem eleifend in duis voluptua aliquam magna augue dolor nostrud dolor. Amet eirmod hendrerit diam takimata facilisis ipsum dolore zzril labore labore dolor ad exerci amet eum clita voluptua. Amet diam dolore vero accusam eos suscipit sit eos veniam consetetur erat voluptua amet rebum. Sed et stet gubergren elitr autem duis sanctus duo aliquyam sed sed dolore lorem rebum ipsum no invidunt. Lorem wisi invidunt magna sit accumsan nulla sit aliquyam sed labore accusam eleifend in sadipscing delenit. Nonumy dolores aliquyam consetetur ea aliquyam magna vero augue. Vero feugiat et tempor sit at dolore wisi at vel praesent hendrerit amet stet dignissim est. Feugiat dolore feugait rebum.\n","pageCount":300,"excerpt":"Kasd eirmod amet est erat sea labore labore dolor accusam accusam consetetur blandit facilisi dolore nulla. Vero est stet et eirmod no ea. Wisi feugiat accumsan sadipscing exerci. Takimata amet sit et dolor est diam exerci amet stet diam aliquyam. Ea ipsum clita elitr nulla dolor dolor et. In duo takimata ipsum gubergren. No tempor ullamcorper ut clita. At enim takimata ipsum justo sanctus in dolores eos sea est sed et e... (set the log level to DEBUG or TRACE to see the full content) 
 </msg>
<msg timestamp="20230107 22:53:55.203" level="INFO">C:\Users\zenai\AppData\Local\Programs\Python\Python311\Lib\site-packages\urllib3\connectionpool.py:1045: InsecureRequestWarning: Unverified HTTPS request is being made to host 'fakerestapi.azurewebsites.net'. Adding certificate verification is strongly advised. See: https://urllib3.readthedocs.io/en/1.26.x/advanced-usage.html#ssl-warnings
  warnings.warn(</msg>
<msg timestamp="20230107 22:53:55.205" level="INFO">${RESPOSTA} = &lt;Response [200]&gt;</msg>
<status status="PASS" starttime="20230107 22:53:52.313" endtime="20230107 22:53:55.205"/>
</kw>
<kw name="Log" library="BuiltIn">
<arg>${RESPOSTA.text}</arg>
<doc>Logs the given message with the given level.</doc>
<msg timestamp="20230107 22:53:55.207" level="INFO">[{"id":1,"title":"Book 1","description":"Labore ea invidunt invidunt consetetur sit est elitr elitr sit sit. Amet qui elitr vulputate sanctus. Magna ea et nonumy duis stet erat takimata tincidunt sed et lorem veniam. Stet et eirmod quod sadipscing euismod lorem clita amet esse in dolor ipsum dolor. Dolore duo eros qui. Nonumy duis dolore vulputate sadipscing magna iriure minim amet labore ipsum placerat feugait diam rebum minim. Vero nisl dolores sit justo invidunt diam molestie duo aliquyam rebum no. Rebum labore dolore dolores tempor takimata ipsum diam delenit sea tempor sanctus feugiat autem euismod suscipit. Accusam duis nulla elitr takimata et dolore accusam sea dolores amet lorem exerci nobis eirmod dolor sed.\n","pageCount":100,"excerpt":"Ipsum dolor at ipsum nulla et in et. Aliquip et facilisi dolor diam est stet et sit at. Ex ipsum eirmod erat clita. Iriure ea sit. Sed at stet gubergren minim et sanctus rebum no ut. Et duis erat tincidunt facilisis dolor dolor in labore ut sanctus et et dolor commodo takimata. Kasd ipsum vel ut erat amet magna. Vero dignissim ipsum rebum nonummy nulla sea clita possim. Elitr labore imperdiet dignissim sed justo quis in. Est et sanctus sit vero dolore diam sit eum erat vel et et sadipscing vulputate at sed rebum kasd. Ut lorem dolore. Magna est et et. Dolores lorem kasd. Sit dolores dolores consetetur minim liber. Ea sanctus et ea. Aliquyam eos in est ad kasd. Iusto est feugiat odio. Sanctus nonumy et ut accusam lorem justo esse ea facilisis commodo doming suscipit diam elitr et. Et consequat diam amet dolores lobortis dolor kasd delenit quod labore invidunt dolores.\nElitr invidunt odio nulla est. Labore labore kasd gubergren dolor molestie et tempor amet eirmod velit odio nobis nobis aliquyam ipsum sea ut. Vel sadipscing et amet sadipscing ea esse aliquam velit duo et vel. Lorem no ex duis et minim sadipscing takimata et amet eirmod blandit elitr wisi et facilisi invidunt dolor. Erat adipiscing amet tempor magna facilisis ut te stet rebum praesent est praesent elitr. Congue feugiat ipsum vel lorem et labore kasd aliquyam aliquip esse ut. Eu voluptua facilisi consectetuer in augue dolor ipsum vero dolores magna magna est dolores dolore et ea sit. Ad hendrerit sit hendrerit voluptua sed rebum. Sadipscing ut ut eos sit sed dolor sed accusam et ipsum accumsan justo sed suscipit diam eu tempor vero. Dolor dolore et autem sed magna sit eos justo eos feugait takimata eros aliquip lorem. Nonumy gubergren dolore ea dignissim in sea. Ea elitr adipiscing nibh tincidunt no option sit sanctus. Ex rebum est. Ipsum sed et dolor tincidunt delenit dolores in sed vel dolores tempor justo zzril dolores eros velit et. Et facilisis liber in clita liber ipsum justo sit et labore et nonumy sea gubergren ipsum.\nSed sanctus ex et labore. Ipsum qui amet iriure invidunt ea lorem eirmod dolore et sea ipsum labore clita. Est erat dolor feugiat et sea delenit sed illum tempor aliquam sit magna justo eros. Ut consetetur invidunt in sadipscing et. Rebum eirmod ipsum dolore rebum eirmod aliquyam kasd dolor invidunt et velit sea aliquyam tempor vero. Ut vel doming. Stet takimata et. Nostrud justo volutpat justo vero magna et amet. Lorem ea justo in erat kasd sanctus quis dolore. Eirmod et duo feugait erat. Et et nonumy diam.\nIn eros erat consequat et vero ipsum et magna elitr veniam tincidunt sit. Tempor kasd sit duo gubergren tempor iriure consequat dolor amet dolore et eros lorem dolore amet rebum diam magna. Takimata tempor sea magna eos duis elitr vero. Kasd dolor erat qui eirmod nulla. Clita ipsum kasd diam lorem magna sed sed. Aliquyam ut erat diam et et ex feugiat. Lorem gubergren amet sadipscing et. Consetetur at consetetur delenit veniam invidunt tincidunt justo takimata. Nonumy tempor et facilisis et diam ut et et clita praesent clita diam diam odio ea ut hendrerit diam. Amet magna takimata ipsum no invidunt minim. Rebum no tincidunt illum justo aliquyam lobortis quis ut invidunt. Amet et vero ea dolor eos. Ea est et vero sit eirmod sadipscing aliquyam lorem eu ut. Tempor gubergren diam vero quis consetetur at molestie voluptua ipsum amet ipsum lorem lorem.\nFeugait et dolore no takimata duo duis sit elitr consequat invidunt kasd volutpat labore dolores. Autem kasd et dolore kasd tation est consetetur diam ad aliquyam aliquyam kasd amet voluptua dolores lorem minim. Eirmod ea kasd ad te consequat vero dolor aliquyam amet sanctus duis et. Exerci sanctus et diam dolor dolor sed et amet eirmod voluptua rebum eirmod ipsum elitr kasd. Dolore iusto no odio diam sed vulputate dolor ipsum dolor diam ut vel luptatum placerat stet vero aliquyam. Iusto eirmod eros lorem. Ea eu delenit sit wisi ipsum. Eros delenit sit amet ea et et veniam ipsum duis lorem no. Clita et justo sit sed dolor dolore laoreet duis id lorem takimata et ex diam dolor.\n","publishDate":"2023-01-07T01:53:54.5309359+00:00"},{"id":2,"title":"Book 2","description":"Stet sit eirmod magna elit dolor ea ut rebum dolor magna dolores est. Dolor ipsum diam eirmod et. Voluptua ea lorem quod no. Molestie elitr lorem ipsum molestie iriure diam clita. Labore tation gubergren vero feugiat dolores labore dignissim praesent feugait sadipscing elitr consequat consetetur illum. Illum zzril nobis ut consetetur eirmod tempor sit sed eirmod elit.\n","pageCount":200,"excerpt":"Est et stet amet labore tempor voluptua nonumy labore vel sadipscing feugait kasd sanctus diam elit consetetur rebum invidunt. Amet ipsum magna veniam ut consequat sit. Nulla gubergren et et vero vero ut sed. In autem in ipsum nihil duis sit ut et. Diam nisl at magna est. Aliquyam at nihil takimata. Ea no eirmod dolore kasd in est vel wisi lorem.\nDolore ullamcorper illum liber diam duo soluta diam. At at id rebum molestie consequat magna ipsum et gubergren wisi sadipscing eos amet et nonummy in lorem. Dolore sadipscing consequat dolor diam hendrerit et diam ipsum sit rebum. Lorem lorem duis sadipscing lorem. Accusam stet zzril sea dolor. Vel hendrerit vulputate stet takimata. Commodo ea nonumy sea voluptua vulputate diam ipsum est consetetur at nonumy stet enim. Nonumy eirmod stet amet sea eum dolore sanctus ipsum justo dolor kasd quis est sed sed. Clita sadipscing illum velit delenit dolor labore ipsum at amet lorem ea stet voluptua wisi. Autem sed diam. Eos amet dolore sea at gubergren ipsum ea. Labore sed eos ut invidunt sit sit sit amet consetetur eos. Consequat nonumy ipsum eirmod enim ipsum diam et ad vel clita voluptua eos amet consequat. Consectetuer diam illum congue. Consequat molestie clita no dolores duo ut no dolores elit clita et vel eum dolor sit kasd diam. Erat feugait et nobis diam sanctus et sadipscing sed qui ipsum elit nonumy dolor. Autem sed at sadipscing et tempor. Dolor diam ea dolor laoreet et. Labore diam ea.\nDolor dolor dolores ut lorem sadipscing aliquip facilisi dolor sed. Dolor consetetur sanctus sit vel dolores elitr magna nisl et vero nonumy eirmod magna sed ipsum no vel clita. Nonumy ut nobis. Labore diam sadipscing magna ut consectetuer vel consetetur consequat no magna sit eros et erat magna. Ipsum sanctus ipsum iriure. Kasd aliquip vel eos zzril erat aliquyam amet facilisi labore ipsum et. Sed consetetur tempor diam et rebum accusam. In sit eos stet sanctus magna invidunt labore sit sed consequat. Labore elitr lorem aliquyam nisl est exerci. Delenit ea sit takimata nostrud amet voluptua cum in tempor justo ut. Qui rebum voluptua dolor consequat aliquyam sed lobortis diam. Diam et dolor sanctus autem et molestie est nisl gubergren at in sed voluptua. Ut delenit feugiat gubergren amet est diam placerat nonumy clita soluta veniam dolore. Est dolor vulputate lorem laoreet wisi duo vulputate voluptua aliquyam erat illum vero duo justo sed nonumy. Sit elit ipsum diam.\nMolestie ut sit stet te ut ut sit erat amet. Accusam est erat dolore amet assum magna eirmod tempor et eirmod ipsum. Takimata magna facilisis amet diam et ex nonumy gubergren lorem. Et ipsum ut praesent sea et nonumy amet tempor sit sea tempor lorem. Sed sit sit lobortis erat sit amet adipiscing amet labore ut aliquam rebum autem amet dolor nonummy sit vero.\nDolor ex sanctus takimata. In nulla accusam. Lobortis sit consequat labore diam sit et stet lorem. Stet vel augue diam zzril ut clita sit amet stet nonumy sanctus ut sea tincidunt. Facilisis consequat et et ea nostrud dolore eos amet ipsum elitr eum dignissim no ipsum gubergren. Feugiat dolores stet sanctus. Sed invidunt at erat sadipscing. Zzril vero voluptua amet ut in aliquip aliquam facilisi sea consectetuer molestie volutpat clita consetetur.\n","publishDate":"2023-01-06T01:53:54.5309989+00:00"},{"id":3,"title":"Book 3","description":"Labore magna qui nam sanctus consectetuer est in sed. Dolor aliquyam dolores labore aliquyam ut vulputate. Accumsan lorem feugait amet nonumy hendrerit. Kasd dolore lorem eleifend in duis voluptua aliquam magna augue dolor nostrud dolor. Amet eirmod hendrerit diam takimata facilisis ipsum dolore zzril labore labore dolor ad exerci amet eum clita voluptua. Amet diam dolore vero accusam eos suscipit sit eos veniam consetetur erat voluptua amet rebum. Sed et stet gubergren elitr autem duis sanctus duo aliquyam sed sed dolore lorem rebum ipsum no invidunt. Lorem wisi invidunt magna sit accumsan nulla sit aliquyam sed labore accusam eleifend in sadipscing delenit. Nonumy dolores aliquyam consetetur ea aliquyam magna vero augue. Vero feugiat et tempor sit at dolore wisi at vel praesent hendrerit amet stet dignissim est. Feugiat dolore feugait rebum.\n","pageCount":300,"excerpt":"Kasd eirmod amet est erat sea labore labore dolor accusam accusam consetetur blandit facilisi dolore nulla. Vero est stet et eirmod no ea. Wisi feugiat accumsan sadipscing exerci. Takimata amet sit et dolor est diam exerci amet stet diam aliquyam. Ea ipsum clita elitr nulla dolor dolor et. In duo takimata ipsum gubergren. No tempor ullamcorper ut clita. At enim takimata ipsum justo sanctus in dolores eos sea est sed et et ea kasd accusam. Feugiat nonumy dolor dolor duo tempor accusam. Sed ut eos feugiat eu et nonumy lorem labore dolor sed eos diam justo vel. Feugait molestie tincidunt. Rebum no gubergren nisl sadipscing. Nonummy gubergren duo sed esse nonumy aliquyam clita ex magna autem consequat diam iriure exerci no elitr. Sea molestie voluptua sadipscing justo sit vero et ea tation in clita nulla qui dolore ipsum.\nRebum dolore dignissim vero facilisis dolore duis accumsan magna. Sed duo iriure et. Amet in dolor sed esse erat diam diam nibh sed dolor labore odio et sea. Blandit invidunt accusam eu lorem at stet stet.\nSed justo veniam sadipscing. Voluptua est nonumy sadipscing est amet et consectetuer et kasd assum sit erat aliquyam. Feugait sed facer enim kasd ipsum no et eum accusam lorem kasd ea consequat. Est et justo dolores esse labore labore dolor eros feugait. Vero nulla elitr et quis et volutpat magna blandit lorem labore eos amet. No nonumy accusam eos stet duis et dolores sed duo consetetur. Sed dolor amet nonumy et aliquyam accusam no amet ipsum gubergren amet justo nostrud in dolor nonummy sed accusam. Et sed rebum nonumy kasd amet nisl nonumy feugiat sit et gubergren dignissim sadipscing tincidunt. Magna sit doming sit ipsum diam kasd dolor justo et dolore amet dolores dolor nonumy sadipscing. Amet ipsum ipsum voluptua vero erat est et accusam hendrerit. Takimata stet in elitr in in aliquyam velit. Magna at et nam sea sadipscing kasd eos hendrerit. Tation doming vero autem tincidunt diam.\nEt ut ipsum diam dolore nonumy lorem rebum amet magna eirmod ut dolor est elitr duo erat. Veniam diam nonumy qui et lorem sea dolor dolor magna. Enim ipsum kasd dolore kasd at labore takimata et. Adipiscing rebum eirmod vel molestie eirmod consetetur no at dolores nostrud at velit et nobis dolor et. Ut iriure sit. Sed gubergren clita diam accusam eos autem dolore rebum nihil ullamcorper rebum dolor et. Accusam sit autem exerci cum. Vulputate ipsum gubergren. Tempor est duo in et duo. Zzril ut justo feugait gubergren dolores ut ut suscipit nibh sit lorem duo ex lorem est sit lorem facilisis. Molestie clita ut no stet blandit voluptua hendrerit nisl lobortis lorem amet eros lorem dolores dolore. Dolor lorem sea et ipsum est amet sed ut blandit.\nBlandit tempor sed amet gubergren diam et nulla. Ut dolor et diam ut sanctus sed at lorem vel. Eos hendrerit dolores clita. Clita et ut veniam labore tincidunt. Magna magna diam vulputate zzril duo eum lorem sadipscing diam magna consequat lorem gubergren amet. Gubergren delenit aliquyam ipsum duis elit nibh eros accusam veniam delenit voluptua. Amet nostrud tempor erat at nonumy dolor ut. Lorem diam ipsum stet et clita iusto lorem no ut ipsum feugiat est facilisis labore diam assum aliquyam.\n","publishDate":"2023-01-05T01:53:54.5310615+00:00"},{"id":4,"title":"Book 4","description":"Consetetur dolor ipsum amet amet amet sadipscing dolores tempor diam erat magna dolores congue. Et diam labore ea amet labore ullamcorper ipsum nonummy dolor enim consetetur takimata ipsum clita velit. Et et sit iriure dolor et eirmod odio vero sed quod rebum consectetuer aliquyam consetetur at eos minim. Elitr voluptua kasd. Amet lorem ut eros est accusam stet lorem nonumy dolores vulputate ipsum dolore eu takimata. Accusam dolore sanctus lorem invidunt stet quis euismod labore sed consetetur eos. Et ipsum amet kasd ut sadipscing rebum quod sed diam diam commodo ipsum wisi sed et labore. Ipsum iriure takimata sit. Sed labore tempor. Elitr ut ipsum nonumy no vero dolores elitr sadipscing stet stet sit diam et tempor consetetur diam aliquyam invidunt. Dolor lorem amet dolores aliquyam dolore stet eum mazim et nonumy et rebum ipsum ut iriure. Et vero ea sit consequat aliquyam nulla dolore rebum takimata kasd accusam diam amet sanctus dolore.\n","pageCount":400,"excerpt":"Consectetuer duo imperdiet delenit elitr enim dolores. Accusam ut justo diam et invidunt erat sed feugiat lobortis justo sed sed euismod autem in nulla iusto erat. Nonumy et clita eirmod aliquyam sit et duis eum ipsum nulla lorem et. Ea takimata aliquyam justo sit erat. Et eos tempor lobortis et sit duo dolor adipiscing sea sea. Lorem qui cum sanctus facilisis amet at labore vel lorem. Iusto consetetur diam nisl. Lorem lorem augue sed elitr diam consetetur. Augue rebum diam lorem accusam. Veniam blandit elitr consetetur stet voluptua diam ea et.\nConsetetur exerci et no ut. At elitr dolor. Diam diam ipsum dolore est consetetur et lorem facilisis dolor. Vero nonumy wisi nonumy at nonumy et at facilisi kasd kasd amet minim kasd sea nostrud sed aliquyam. Sadipscing sea diam ex ipsum dolor voluptua nisl. Clita amet facilisis nonumy euismod feugiat accusam eirmod ut et lorem amet ut eirmod ullamcorper sit et.\nIpsum vero diam imperdiet dolore dolore sea eum. Est diam duis aliquyam eum et. Clita labore elit sea ipsum clita dolores liber ea autem sit sit. Eirmod veniam hendrerit sit amet et vel. Quod sadipscing dolores qui erat et ipsum illum dolor sed sit dolore nonumy nam eirmod.\nVelit lorem et amet vero diam elitr tempor sit eos et stet ipsum sit. Ut sed adipiscing. Sed sadipscing elitr ea accusam. Doming et est veniam rebum. At duis sea takimata volutpat magna dolor sit sed adipiscing. Tempor magna et aliquyam nulla lorem justo diam dolor praesent. Ipsum option gubergren stet eos diam possim est erat eos nonumy sadipscing sed et ipsum sed ut ea amet. Amet voluptua dolores sea kasd et elitr nonumy sea tincidunt accusam. Nonumy sadipscing consetetur euismod sed dolore consetetur ea tempor nulla diam ipsum labore clita diam vero sanctus magna et. Kasd ipsum lorem in kasd et labore duo diam et in takimata clita vero takimata. Accusam commodo illum congue dolor in nostrud esse magna sed lorem dolor lorem labore. Rebum gubergren rebum erat. Wisi et aliquyam dolores ad sit aliquyam sea eirmod te elitr ipsum ut duo dolores. Dolore zzril lorem diam liber zzril ipsum delenit zzril sea ipsum stet eos nonumy erat ea sadipscing. Lorem clita elitr amet dolores. In sea ut dolor nulla ut invidunt diam sanctus. Stet invidunt at nonummy vero takimata et magna. Duo et sed ad tempor diam nonumy accusam voluptua dolor kasd zzril dolores commodo sit tincidunt sed.\nSed te accumsan ad et rebum justo sadipscing veniam dolor quis luptatum wisi labore kasd. Kasd takimata eos amet elitr autem in lorem et consetetur dolores takimata et consetetur nobis sea. Nonumy eirmod sed takimata magna sanctus ipsum et luptatum elitr lorem sadipscing dolore est stet amet dolores. Rebum dolor nonumy commodo diam takimata ea. Eos dolore ipsum feugait nibh invidunt et possim voluptua kasd commodo amet dolor ut vero aliquyam magna magna labore. Accusam hendrerit no ipsum feugiat dolor feugait wisi et et at nulla ut et dolor. Magna kasd et possim voluptua vero dolor luptatum autem duo magna sea sea. Laoreet et dolor sanctus vel odio magna consectetuer autem minim cum aliquyam sadipscing gubergren tempor dolore dolor zzril dolor. Sea diam eos illum consectetuer diam dolores. Magna eu sit dolores sed amet magna et eros ut consectetuer eos lorem eos.\n","publishDate":"2023-01-04T01:53:54.5311284+00:00"},{"id":5,"title":"Book 5","description":"Consetetur sea dolore eirmod sadipscing no sed et vulputate soluta feugait. Consetetur sanctus sea erat duo dolor diam sanctus consetetur dolore dolore doming no sadipscing rebum vero sea possim. Magna et consequat ea lorem diam duo dolores magna dolor sit sed vel consequat dolore sed. Diam stet eirmod sit exerci nonumy no ea aliquyam accusam amet dolore lorem. Consectetuer eos id eum tempor sadipscing amet ut ut invidunt justo consetetur dolor sit amet sea ipsum justo. Dolore dolores consetetur diam eos. Facilisi dolores wisi zzril. No et et et eos dolor ad clita at aliquip dolore sanctus dolore dignissim et placerat quod et.\n","pageCount":500,"excerpt":"Nam consectetuer magna lorem tempor hendrerit. Vero kasd sit vero est esse labore et consetetur elitr. Takimata diam dolor feugiat aliquyam elit feugiat at sadipscing nonumy praesent erat lorem consetetur dolore aliquyam ipsum diam diam. In vulputate elitr amet eirmod sadipscing ut est clita tempor et ullamcorper labore clita eum luptatum dignissim duo. Sed et ut ea eros tempor duis dolores rebum stet te sea erat dolor eu dolore amet gubergren facilisis. Gubergren erat duis dolor lorem lorem suscipit diam no lorem diam iusto aliquyam lorem erat ut.\nTempor dolore kasd gubergren consetetur et sit labore sit lorem. Kasd tempor sea illum volutpat. Et delenit justo commodo facilisis kasd dolore tempor clita amet duis ea et. Dolore et zzril erat amet ut takimata elitr tempor aliquyam amet dolor et et tincidunt at nihil vero vero. Zzril luptatum nonumy clita praesent adipiscing sed takimata in diam diam luptatum. Et dolore consequat et te eleifend justo quis. Dolor et vulputate consequat rebum et praesent eirmod. Dolore ea vero in dolor. Ut elitr clita nonumy nostrud no diam iriure accusam et no in. Nulla magna ut vel dolore ut accusam stet lorem ipsum lorem tincidunt eu clita et. Molestie dolores esse stet eos vero erat labore sit et at voluptua autem ea nulla ut.\nEt odio sed kasd aliquip. Elitr vero ipsum dolor molestie gubergren elitr duis autem aliquyam. Diam vero consetetur possim elitr ullamcorper et takimata erat stet vel. Lorem tempor ut consetetur minim ad sea lorem kasd aliquip lorem sit takimata dolore est. Dolor tempor in at accusam stet at labore sed gubergren. Erat sit stet ea sit. Dolore labore tempor est lorem eirmod diam lorem sed. Exerci sit eirmod elitr aliquyam stet est dolore lorem gubergren ipsum qui molestie duo tempor labore kasd dolor. Iriure eirmod duo amet sea tempor sed sed autem dolor nibh est wisi eu esse dolor dolores. Kasd in et. Sed sit diam lorem consetetur diam consequat ipsum enim amet eirmod. Praesent sed duis dolor sit eirmod et. Est amet ex in ut nulla nostrud diam iriure. Dolore sit sit voluptua. Lorem ipsum sit nibh invidunt gubergren diam takimata dolore esse lorem blandit te voluptua et lorem dolore amet. Magna dignissim stet vero et praesent diam eu minim eros nulla invidunt dolores stet. Et te duis qui imperdiet.\nSed nulla clita dolores clita stet diam exerci. Takimata consetetur vel nulla sed. Duis nonummy elitr et. Qui erat et lorem facilisi labore no doming facilisis ipsum ut vero consetetur sanctus ea dolore sit. Tempor ea option diam dignissim nulla augue sit dolor consetetur. Erat exerci elitr elit sea labore rebum amet eos. Est dolor gubergren in qui rebum doming sea tempor at velit. Aliquyam et clita illum illum et stet et sed amet ut sit ut labore lorem diam option duo lorem. In sea ipsum invidunt ipsum quod amet kasd labore sadipscing consequat. Possim sit consetetur eros consetetur dolore erat amet diam. Eos sed elitr dolor sanctus doming takimata wisi kasd. Clita et nonumy sea sea tempor lorem qui velit. Invidunt amet erat sea dolor sanctus ea.\nLorem dolor stet ipsum ut vel velit dolor eirmod sanctus amet diam esse praesent voluptua duo. Et lorem vel zzril. Tempor justo nisl magna dolor consequat te. Justo et dolore invidunt lorem iriure voluptua eirmod te sed sit. Sadipscing diam diam sadipscing. Eros takimata et sit praesent hendrerit. Sit sadipscing invidunt. Ea sanctus diam dolor quis aliquip magna. Consequat facilisi wisi sed qui dolore sed nulla rebum voluptua dolor sanctus. Et ut stet enim exerci vulputate exerci sea amet quis feugiat. At erat lobortis clita ipsum tempor dolore et et vel dolor tempor eirmod. Tempor ex te est iusto doming sanctus. Feugiat magna magna feugiat takimata invidunt diam ea dolor erat ipsum diam quod justo sanctus voluptua dolor ullamcorper. Aliquam labore augue et accumsan eirmod ipsum est rebum labore vel sanctus. Magna tempor elitr accusam sadipscing liber sed.\n","publishDate":"2023-01-03T01:53:54.5312+00:00"},{"id":6,"title":"Book 6","description":"Ipsum gubergren zzril. Kasd sit gubergren consetetur at sit quis lorem mazim gubergren dolor at. Rebum duis labore stet accusam consequat laoreet minim aliquyam et lorem justo labore. Dolor sea lorem invidunt takimata feugiat at eirmod elitr et dolore dolor nulla ex ut vel. At at consetetur te. Esse augue ipsum aliquam est et et nostrud kasd dolor blandit. Justo dolore erat eos. Nulla diam aliquyam vero invidunt illum sanctus erat ipsum sed consetetur magna. Lorem dolore clita iriure ut iriure sadipscing vel magna erat enim. Rebum esse amet aliquyam sanctus diam amet accusam diam nostrud dolor at diam lorem. Nam exerci nisl et et. Erat facilisi stet wisi et sanctus eos vero et feugait esse dolor est sea. At ea lorem sadipscing nobis. Elitr nulla elitr eros sit vero dolore aliquip accusam iriure clita. Dolor eu tempor erat diam illum duis te dolore invidunt. No adipiscing odio lorem diam sit.\n","pageCount":600,"excerpt":"Clita justo delenit et. Stet eum dolores diam elit ipsum ea justo stet ut est rebum vero duo ullamcorper. Vel vero amet molestie te aliquam clita lorem duis luptatum nulla facilisi suscipit et. Illum et sit ad lorem ea sea at veniam stet. No eirmod at dolor. Erat no ex duis voluptua congue justo nulla consetetur eu dolor diam. Dolor amet feugiat consetetur vel congue aliquyam eos nulla et zzril ipsum magna. Voluptua consetetur ea duis gubergren euismod eos sed accumsan no ut. Minim quod magna sanctus te takimata amet nisl consectetuer. Ex sanctus erat takimata amet ex eos possim nonumy. Wisi sit quis ipsum ut. Sit amet sit ipsum justo eirmod magna et lorem et in invidunt sit.\nVoluptua vero ea. Tempor eos at. Sit dolore dolore nam sit aliquyam vero sadipscing rebum in diam at. Hendrerit sed accumsan sit. No sit sed labore lorem at liber sanctus invidunt dolores dolore sit wisi quis. Consetetur commodo lorem consequat dolore et at erat amet ad erat consequat autem amet lorem ipsum. Possim nibh sed consequat.\nUt nonumy facilisi et nonumy duo eos eos no ut at nulla dolor. Consequat dolores vero consequat nonummy justo ipsum eirmod elitr lorem aliquam dolor consequat sea dolor. Velit doming voluptua eos et dignissim sea diam. Ea est sed aliquyam at sadipscing. Stet magna tincidunt dolores et invidunt consetetur sanctus duo eirmod euismod qui. Aliquam sadipscing amet dolor ad sit no lorem. Luptatum veniam duo. At nibh dolore nonumy et duo. Ipsum et sanctus et erat rebum lorem lorem justo dolore tincidunt et aliquyam diam dolor eirmod. Ea enim nonumy voluptua blandit imperdiet velit dolore. Enim dolore consetetur at iriure. Eirmod aliquyam lorem consequat blandit elit vel sit voluptua takimata et vel diam amet erat praesent laoreet. Erat ipsum et tempor sanctus nonumy praesent lorem stet ad takimata odio sea tincidunt sit.\nEa diam takimata clita dolores vulputate dolore. No amet sit elitr hendrerit diam laoreet et stet voluptua at. Nonumy sit lorem commodo doming esse eos kasd et sed consequat at. Lorem iriure aliquip duo justo diam. Nihil sed magna stet amet aliquyam volutpat wisi et. No amet sed. Duis duis sit invidunt dolor et vel diam ipsum dolor dolor sed augue volutpat. Clita dolore et voluptua amet ea aliquam eos eirmod in duo labore dolor. Diam nobis lorem takimata erat enim gubergren lorem vero magna voluptua vulputate dolores possim sea. Takimata accusam dolore eirmod zzril sea illum tempor sed eos consequat kasd vero assum sit ipsum lobortis kasd. Liber dolore erat stet at et aliquyam sit amet stet aliquip ut ipsum voluptua. Et et ut sed dolores eos mazim erat. Consectetuer assum tempor liber et eos labore dolore sit justo et autem.\nElit et elitr vero et option et et nonummy et. Nonumy stet velit clita. No vel sanctus amet. Et duo delenit elitr invidunt dolor dolore zzril duo labore consetetur duis sadipscing at dolor ut. Est lobortis sed gubergren ex lorem sadipscing lorem ipsum sea et molestie ipsum suscipit ipsum. Nonumy ut takimata lorem erat ipsum. Amet sea erat gubergren dolor aliquyam diam magna rebum. Eirmod dolores at takimata dolore sadipscing justo.\n","publishDate":"2023-01-02T01:53:54.5312668+00:00"},{"id":7,"title":"Book 7","description":"Dolor sit nobis in vero accusam sadipscing aliquyam est dolores sanctus eum illum ut ipsum ipsum ut aliquyam tempor. Ut minim est sea amet labore luptatum lorem delenit et ex. Amet et eirmod ut et dolore.\n","pageCount":700,"excerpt":"Dolor sed quis sanctus sanctus eum augue. At et aliquyam elitr ipsum diam erat magna no accusam invidunt no duis lorem eum sit. Ipsum invidunt eirmod nihil sadipscing dolor iriure elitr veniam et vel clita vulputate. Sadipscing blandit sea nisl nulla tempor consetetur eirmod rebum invidunt. Tempor facilisis velit elitr consetetur suscipit iriure sed autem eos et odio minim dolor dignissim amet et.\nEt option consetetur no sed placerat nihil vel voluptua sed vel labore at dolor et et commodo. Dolores dolor delenit. Ipsum est magna sanctus. Accusam ipsum autem aliquyam. No gubergren sed vel magna duo amet sed accusam ipsum at vel. Ipsum et sit duo ipsum dolore. Suscipit sanctus feugiat aliquyam ipsum nulla et mazim ipsum at eos erat elitr ut duo dolor. Magna sed dolore aliquyam magna et takimata gubergren dolore eleifend suscipit dolor et clita elit dolores consequat quod sed. Et voluptua voluptua consetetur sed. Justo dolore est dolor clita velit magna aliquyam sed sit dolor et erat. Invidunt dolore ut takimata lorem. Mazim id zzril duo gubergren gubergren justo clita magna dolore et accumsan magna commodo. Dolore dolore iusto accusam diam clita eos accusam diam.\nDolores ipsum amet dolor facilisi magna et et. Commodo sea et justo amet tempor eu dolor lobortis no wisi sea velit justo. Voluptua delenit nulla invidunt vero sed voluptua et invidunt. Et dolore magna aliquip stet dolor dolor. Feugiat nonumy invidunt dolor consectetuer takimata tempor ut. Eos consectetuer magna ea dolor at stet nonumy consetetur exerci et. Consequat sea amet invidunt consequat nostrud ipsum dolore aliquyam illum velit eum consetetur. Et dolore lorem et. Sit gubergren diam lorem diam soluta consequat feugiat congue at vero duo dolores facilisis. Et sadipscing adipiscing. Augue vero est nulla tincidunt dolor vel elitr odio et in magna sanctus dolores sit elitr duo. Accumsan tempor sadipscing. Consequat consetetur dolore molestie praesent. Quod velit te dolore dolor placerat vero rebum dolores mazim iriure amet amet sed labore duis et duo sit. Cum sanctus sed erat eirmod et ullamcorper. Diam stet ipsum tation lorem et invidunt ipsum. Consequat clita dolore consetetur dolor dolore. Eirmod minim vero feugiat magna nulla erat sed eos vel quis ipsum ea eum dolore sadipscing amet sea.\nAccumsan sit at luptatum vero. Sit consetetur nonumy velit laoreet feugiat est dolore elitr no et ipsum ad consectetuer diam amet odio dolor. Ipsum quod lorem eirmod. Dolor nihil accumsan lorem eirmod enim dolor kasd liber aliquyam dolore wisi consetetur amet. Volutpat takimata sea vel kasd ipsum lorem facilisis lorem aliquyam consequat amet labore eros tempor liber consequat.\nDolore rebum veniam takimata et facer adipiscing et sea diam in accumsan tincidunt dolores ipsum. Sadipscing sit magna illum lorem lorem amet facilisis et. Eos duis et amet consetetur sed no dolore consequat. Lorem takimata consequat dolore option consequat lorem te takimata elitr sit esse sit illum. Elitr et kasd dolor sed consequat dolor enim nonumy. Eos ad vel aliquyam diam amet. Dignissim adipiscing kasd amet delenit velit dolor eros et amet cum. Duo illum sed liber dolor. Duo dolor eirmod rebum. Eum sea ipsum voluptua elitr placerat. Rebum at commodo aliquam ad option ut autem in ea. Sed sed sadipscing sed accusam no. Sed ut eos et takimata sanctus stet dolor. Facer sed erat et sed diam sit id ipsum voluptua consequat et et eu dolore at accusam. Invidunt magna velit sanctus dolor eirmod labore laoreet justo justo duo feugait duo sit ea stet id odio. Dolore feugiat amet invidunt. Elitr dolor elitr duo invidunt et diam est dolore consetetur labore nostrud. Stet kasd lorem accusam lobortis consetetur sit odio sit.\n","publishDate":"2023-01-01T01:53:54.531332+00:00"},{"id":8,"title":"Book 8","description":"Erat clita nonummy sed nisl zzril molestie dolor eos kasd tempor eros et ullamcorper. Et lorem magna ea ipsum ipsum. Et consetetur lorem duis diam qui takimata blandit ut et et. Ex sed eirmod. Tempor nonumy et rebum dolor rebum ipsum iriure ad lorem clita cum est. Tempor autem amet quis dolor amet lorem. Ad takimata mazim rebum nonumy. Iusto ipsum dolor suscipit eos nostrud in accusam sed magna labore vel duo vel clita. Ea labore duo quod et iusto sit clita sadipscing vero. Dolor et accusam et. Volutpat elit est takimata duo quis dolores voluptua sit accusam. Diam sit possim sed. Et ipsum ipsum in lorem lorem et rebum eu velit sit accusam euismod takimata ipsum sadipscing no amet. Zzril commodo lorem. In accusam vulputate amet gubergren magna gubergren iriure iusto sed et. Accusam ea takimata justo takimata dolore. Nulla dolor vel diam vero sanctus aliquyam. Duo invidunt stet aliquam tempor.\n","pageCount":800,"excerpt":"Sanctus takimata ipsum. Ipsum nam eros consequat lorem stet magna vero sanctus gubergren et. Diam feugait diam tempor wisi. Kasd gubergren imperdiet. Nulla nonumy stet nisl nobis justo rebum et invidunt nostrud sanctus est est est diam gubergren. No nonumy lobortis diam. Consetetur stet magna. Tation diam et blandit amet exerci delenit sed. Soluta lorem stet diam amet labore duis consectetuer nisl eos sanctus autem. Sed ipsum nisl et amet nonumy vel takimata sea.\nEirmod dolor diam praesent ea tempor facilisi et diam praesent est velit. Sed at eos. Facilisis lorem sadipscing adipiscing dolor. Gubergren rebum elitr diam dolor.\nDolore illum consequat aliquyam ut accusam facer stet. Exerci voluptua no voluptua. Dolor duis consetetur vel dolor in augue clita aliquyam. Est sit velit sanctus ut delenit aliquip labore est ipsum eros magna et nostrud. Kasd elitr vulputate nulla consetetur option nonumy zzril volutpat diam dolore gubergren stet te. Magna consetetur sed magna voluptua sadipscing sit vel tempor aliquyam. Dolor option minim ipsum vel lorem kasd. Nulla consequat eum eos ullamcorper ea et blandit est. Invidunt eos aliquam kasd amet ut consetetur. Lorem erat duo praesent accusam molestie stet est tempor eu dolor eos justo elit illum consequat et. Eirmod commodo rebum consectetuer liber dolor volutpat dolore. Dolor sea ipsum et gubergren et lorem et no sadipscing duo. Erat dolor diam diam duo lorem consetetur nonumy amet clita erat nibh dolores labore vero sit ad.\nFacilisis elitr ut invidunt cum at consetetur et dolor est eum tempor accusam lorem. Justo aliquyam et sadipscing duo diam et dolor dolore aliquyam sanctus at voluptua et tation diam consetetur diam. Est diam erat ut dolor sanctus diam dolor velit et sed justo ut gubergren labore sea stet dolore. Quis gubergren justo ipsum justo laoreet rebum dolore. Te et nonummy magna sanctus takimata sed invidunt. Kasd dolore vero eirmod augue consetetur.\nIriure accusam consequat justo stet praesent amet. Nobis dolor veniam qui takimata accusam rebum duo tempor stet eros nam et. Magna rebum accumsan lorem feugait nihil eros eirmod amet at eos sadipscing sanctus duo. Lorem esse aliquyam sed gubergren erat est erat esse et nobis delenit kasd ea. Dolore accusam duo vulputate odio clita dolores clita diam lorem sanctus eum et sed dolore. Aliquyam lorem no magna dolore clita ipsum accusam facilisis dolor et vel ipsum ipsum at. Dolore diam rebum invidunt velit amet dolore et sea ipsum accusam.\n","publishDate":"2022-12-31T01:53:54.5313866+00:00"},{"id":9,"title":"Book 9","description":"Diam voluptua lobortis et eirmod nonumy sadipscing. Accumsan dolore et cum. Dolor sanctus magna et nonumy clita et elitr nobis dolores dolor aliquip dolore sit sea sadipscing ipsum. Diam rebum blandit autem tempor et dolor sed nonumy.\n","pageCount":900,"excerpt":"Dolore et luptatum at takimata. Est volutpat ea. Lorem ut takimata eirmod dolore feugiat enim lorem. Lobortis vel nonumy dolor kasd adipiscing duo ut. Et hendrerit eos ea labore iriure ea no ut lorem soluta gubergren. Dolore laoreet est accusam amet nulla diam. No dignissim gubergren nisl eum est ipsum amet sit dolore labore magna justo facilisis nonummy dolore sit accusam. Diam consetetur amet at aliquyam odio. Ea sit clita iusto sadipscing amet no sanctus vero magna rebum te invidunt sadipscing sanctus ipsum ipsum lobortis. Velit erat dolore et amet kasd tincidunt dolores praesent nulla lorem soluta elit eros clita et. At duo est feugiat ipsum autem et tempor ea sanctus ea sed ipsum labore. Sed duo rebum labore facilisi at sanctus amet tempor magna ipsum accusam ut wisi. Vero dolor amet amet erat vel eirmod dolore diam consetetur rebum dolor. Sea et enim takimata aliquam labore magna sadipscing quod. Veniam takimata voluptua magna vulputate stet sed duis elitr sit ipsum amet eos gubergren erat. Est et clita justo minim voluptua sea consequat amet blandit nulla accusam hendrerit nonumy ipsum liber diam.\nEt ut molestie justo dolor. Eos dolore amet ut at. Sea eos rebum facer justo dolores sit. Ipsum et sed nonumy vel ea. At dolore rebum dolor. Sea ipsum duo nisl dolor tincidunt no quod clita eum sanctus erat suscipit duo no. Dolores voluptua aliquyam. Eos nonumy dolor soluta stet possim vero sed. Erat takimata diam. Ipsum accusam sed invidunt quis. Takimata nonumy takimata dolor consequat justo invidunt vero et dolores hendrerit ea labore aliquyam ad at ea. Sadipscing facer sit duo erat eirmod vel vulputate kasd nonummy sed ipsum. Velit vero gubergren sit eos labore molestie takimata facilisi nobis autem. Sanctus tation no ea dolore rebum diam ea. Erat sea tincidunt diam lorem labore augue wisi consetetur. Nonumy sadipscing eos dolore sit dolore tempor et at.\nEt sadipscing eos vero illum nonummy sed aliquyam possim ipsum justo sanctus adipiscing accusam sadipscing ipsum nonumy. Invidunt takimata sit dolor nulla dolore magna elitr consequat dolor aliquyam dolore sanctus erat kasd. Amet iriure clita consetetur cum nonummy ut sadipscing exerci blandit clita sanctus. Hendrerit luptatum blandit rebum aliquyam voluptua gubergren quis nostrud illum dolor. Consectetuer sea accusam magna illum no et duo feugiat. Justo ipsum sed consectetuer lorem voluptua no. Stet dolor lorem invidunt rebum et eum molestie erat sanctus et rebum. Diam et sit labore ipsum delenit dolore justo dolores sadipscing sed et dolore. Sea stet rebum iriure facilisis sed eirmod dolor tempor. Iusto elitr ipsum tempor. Feugait stet diam. Ad quod consetetur nulla. Dolores exerci et erat aliquyam takimata sit eros eros. Dolore eos eirmod tempor illum erat aliquyam sed nibh et dolores no iusto sed invidunt amet consequat ipsum. Sea ea erat et dolores est placerat at amet consetetur labore invidunt rebum eu elitr elitr sit dolores et.\nEa magna eos sea velit nonumy amet stet sed stet vero vero eirmod vero. Ipsum sadipscing erat te ut clita dolor lorem invidunt stet sanctus. Duo labore kasd dolor hendrerit nisl nonumy dolor. Esse tempor eos et ut clita ut dolor elitr. Dolor nulla elitr luptatum ut ut ipsum at ipsum tempor. Vero duo in accusam sadipscing elitr ipsum magna et. Gubergren quis et sed assum feugait.\nSanctus et aliquam dolor dolor no magna aliquyam nonumy sea eos justo justo. Feugiat invidunt consetetur invidunt lorem rebum dolor rebum voluptua. Et blandit clita eros ut voluptua lorem lobortis diam. Stet ea takimata ut ex erat. Stet dolore eos magna magna consetetur aliquam lorem at et laoreet diam sed tempor dolor labore diam eos. Est clita gubergren exerci sed vulputate eum dolore dolore et labore aliquyam gubergren suscipit nonumy ut. Amet stet ipsum wisi voluptua suscipit accumsan stet ut ipsum lorem. Cum et sadipscing lorem vero ea duo justo nulla lorem lorem feugiat odio dolore. Euismod tempor lorem lorem dolores sadipscing voluptua eos aliquyam erat et dolores amet amet no. Soluta stet accumsan et vero sit imperdiet no imperdiet et et voluptua augue et. Illum nonumy commodo dolores. Dolor lorem blandit sed in eu at lobortis sed imperdiet liber vel sit. Clita vel duo elit rebum adipiscing amet nulla dignissim justo sed sea et duo duo. Duo vero odio placerat praesent sit dolores minim.\n","publishDate":"2022-12-30T01:53:54.5314619+00:00"},{"id":10,"title":"Book 10","description":"Blandit et ea vero nonumy labore aliquyam kasd est euismod et elitr. Illum nonumy aliquip rebum gubergren hendrerit elitr sed kasd ullamcorper dolores sit kasd no velit gubergren commodo amet et. Sed cum invidunt hendrerit sit dolor. In lorem ipsum vel et amet nonumy sed aliquyam dolor nobis ea duo tempor dolore. Velit ipsum dolor stet dolor et sed accusam consequat duis stet eos voluptua. Vero sit eos. Voluptua et ipsum dolores nulla. Gubergren elitr erat zzril amet autem aliquyam vero et nonumy in sea dolor et ipsum vel feugiat sea ea. Luptatum eos vulputate. Ea duo voluptua magna qui duo consectetuer dolores euismod ipsum sit sed tation. Sit velit et clita wisi ea. Tation lorem liber labore accusam sanctus nonumy eirmod elitr. Stet clita lorem vero vel sanctus et est eirmod elitr gubergren ipsum nulla sed erat diam suscipit. Lorem gubergren lorem ipsum no magna sit ex no vero nisl sanctus elitr at. Dolor in accusam autem et gubergren lorem. Sea stet dolor eirmod ut dolore erat sed et elitr consetetur et. Tincidunt sea diam blandit vero.\n","pageCount":1000,"excerpt":"Facilisi suscipit et stet diam sadipscing rebum. Dolor duis takimata eum duo stet iriure et nisl dolores diam. Ipsum molestie aliquip eirmod accusam vero duis elitr in duis in no in consectetuer accusam. Augue kasd et sed diam dolores vero tation ut tempor. Consetetur magna justo gubergren gubergren sit elit amet stet. Dolore facilisis sadipscing lobortis et hendrerit nonumy praesent ut nonumy sit eos volutpat. Ea aliquyam laoreet. Ut eirmod stet laoreet. Est vulputate luptatum sanctus sanctus dolor. Dolore soluta sadipscing ipsum rebum molestie dolor sadipscing ipsum amet erat nulla. Justo aliquam vero aliquam justo lorem option est amet takimata sed feugait amet sed diam erat.\nEt labore dolores vero esse kasd hendrerit sea diam dolores lorem duo. Et dolor vel dolor takimata diam dolore et stet iriure sit kasd. Amet lorem te quod kasd elitr labore rebum eirmod kasd dolore sit vero clita blandit nonummy voluptua nonumy. Te aliquyam no iriure. No sadipscing aliquip facilisi lorem amet te vulputate. Erat gubergren euismod lorem sed accusam ipsum et lorem est rebum dolore eirmod duis diam et.\nIriure nulla diam. Sea et nihil dignissim amet gubergren enim nonumy lorem veniam et exerci ut gubergren eos molestie. Erat ipsum sit tempor voluptua eirmod sed in dolor vero autem stet dolores ut invidunt consectetuer. Justo no sanctus at diam et diam lobortis erat hendrerit. Takimata et velit justo sed est sed clita luptatum consequat ipsum et lobortis dolores vero no no est. Molestie ut elitr nonumy sea et dolore vero takimata clita et labore duis dolore nostrud hendrerit. Diam gubergren facilisis ipsum dolor aliquyam amet amet dolor adipiscing clita sit consequat. Molestie erat exerci eos consetetur lorem lorem. Tempor duis takimata amet eos lorem voluptua et vero dolores diam aliquip. Amet ea et minim molestie volutpat dolore quis minim dolor gubergren delenit duis. Velit vero et labore consetetur iusto dolore molestie et nonummy. Consetetur lorem dolor diam consetetur dolore qui tincidunt sit dolores dolore tempor molestie ea dolor no dolor accusam. Invidunt accusam suscipit no facer dolores vero dolor accusam eirmod consequat dolor et. Sit sea sea ipsum erat dolore kasd et stet luptatum velit facilisis. Sit duis dolore in et ut et et justo erat consequat elitr sit imperdiet et dolore dolor eirmod.\nInvidunt et stet clita eirmod delenit. Amet consequat vel nisl assum soluta aliquyam sanctus justo rebum eirmod rebum consetetur. Doming duo dolor.\nRebum veniam dolore voluptua dolore et sed et magna ea ipsum takimata vero. Eirmod erat odio in stet et possim ex. Elitr dolor invidunt at eros volutpat possim tempor dolor.\n","publishDate":"2022-12-29T01:53:54.531522+00:00"},{"id":11,"title":"Book 11","description":"Kasd elitr sanctus et sed illum vero augue ipsum kasd nonumy justo accusam. Takimata accumsan magna at magna. Sadipscing dolore accusam clita at enim molestie. Quis feugait sed ut lorem et sadipscing eos facilisi et ea accusam. Qui at lorem accusam facilisi. Takimata dolores erat feugiat vero nonumy dolor dolore autem blandit elit est magna dolore eirmod. Volutpat est eirmod ullamcorper facilisis ut et diam amet est justo.\n","pageCount":1100,"excerpt":"At aliquip et molestie velit dolor aliquyam sit dolores nonumy eum et duo. Et ipsum nulla et magna sit. Erat dolore gubergren dolor ut duo ea ipsum et gubergren et ad. Duis commodo sed blandit no sit eu facilisis sit ea consequat sanctus eum nobis dolore et. Illum volutpat elitr gubergren diam euismod dignissim dolores dolore est. Sed dolore ea sea. Ipsum tation at invidunt magna et accusam dolore stet duis dolores. Rebum enim duis gubergren feugiat labore sed amet ipsum hendrerit et eu autem blandit gubergren gubergren consetetur est.\nDolor et sea magna elitr. Stet gubergren amet at augue est dolor quod tincidunt stet sit dolor ut amet. Sed est justo possim elitr et luptatum praesent kasd molestie duo. Et rebum sit ut minim invidunt eirmod sit clita et commodo dolore dolore takimata sed sit amet nulla vero. Lorem iriure consetetur et duis magna gubergren dolor takimata molestie euismod qui amet. Magna ea et in accumsan sadipscing eirmod aliquyam nobis duo magna ipsum. Invidunt est diam et minim mazim consequat id sed at. Eos eirmod iusto sanctus lorem vero dolore dolor esse ut facilisis erat eu dignissim vel sanctus. Odio voluptua justo enim duo et sed gubergren volutpat. Sed amet erat ut lorem aliquyam consetetur tempor ut in invidunt sit sea rebum sit. Stet feugiat facer et invidunt invidunt sadipscing sed ut voluptua ut erat dolore euismod. Dolor invidunt te cum zzril dolor volutpat nulla dolores voluptua amet rebum tation.\nVeniam nostrud sit dolor labore amet nihil sed amet gubergren dolor consetetur. Illum quis voluptua dolor facilisi sadipscing magna tempor sed elitr clita ut nulla sanctus magna dolor gubergren. Rebum nonummy magna nobis dolores consetetur vero et tincidunt sit consequat invidunt invidunt nonumy vulputate facilisi ipsum ipsum. Labore et quis sit magna at kasd eos sit nulla amet lorem. Sit diam consetetur amet dolor et vel eirmod ea eirmod dolor. Ipsum eos diam lorem voluptua ut sadipscing esse. Eros labore magna nisl no vero dolor erat tempor tempor lorem quis at eirmod consectetuer sed. Labore ipsum odio lorem gubergren. Et est magna vero takimata rebum aliquyam kasd. Eirmod diam sadipscing amet takimata ut sea amet sit nonumy sed. Eos ut amet magna eos commodo duo aliquyam facer ipsum vero blandit molestie sed luptatum et. At lobortis elit et autem ex diam justo kasd nonumy vel at invidunt sit consetetur ut justo soluta vero. Duo eirmod molestie eirmod kasd erat blandit justo. Lorem dolores euismod ut sit stet amet gubergren et minim eirmod zzril nostrud accusam at luptatum nulla lorem.\nSed augue ut et nobis quod nonumy augue facilisis kasd et et. Et nibh ut nihil accusam ipsum et feugiat amet. Aliquyam tempor nobis amet ut dolores eos amet ut at et. Est accusam dolore ipsum ea sed stet et duis eirmod ullamcorper vero gubergren justo no. Facilisis dolor ipsum dolores nonumy elitr elitr lorem dolor diam volutpat amet nonummy amet magna consetetur dolor augue eirmod. Duis accusam laoreet in rebum sit aliquyam clita rebum at et iriure labore lorem diam elit et. Lorem aliquyam vero eos at sed blandit. Gubergren sanctus sed in diam lorem ad et erat est amet dolore amet iriure at dolor iriure elitr.\nIpsum dolore clita diam feugiat at voluptua lorem diam duis sed feugait magna takimata ea et. Kasd ex invidunt. Nonumy consectetuer dolor dolor elitr invidunt at autem laoreet accusam stet labore lorem imperdiet. Nulla odio feugait eos vel et aliquyam labore nulla velit elitr lorem enim consequat dolore nostrud aliquyam invidunt te. Takimata stet invidunt ut ut illum consetetur et. Accusam feugiat quis voluptua dolore lorem accumsan consetetur est et clita rebum et lorem lorem et diam eros. Voluptua gubergren nobis eum magna eos dolore nihil facilisi facilisis veniam sea sed id esse consetetur. Consequat et nonummy voluptua feugait praesent et sit laoreet et sea dolor ipsum. Stet ipsum zzril in sit. Eos ipsum magna ipsum suscipit no blandit lorem nisl accusam eirmod lorem dolor et kasd quod rebum mazim. Nihil est est magna clita at ut ipsum sed ut illum. Ipsum lorem duo dolore ipsum no amet duo ut id rebum ipsum amet veniam sanctus. Amet augue nonumy erat sit diam ipsum vel ea vel erat rebum et et qui. Magna aliquyam rebum ut sed amet. Possim no sit feugait et duo takimata diam rebum vulputate. Sed tempor nihil dolores kasd consetetur no qui dolor eos amet sit erat. Nonumy elitr odio voluptua dolore diam gubergren sanctus amet eos ea. Kasd et et consetetur amet at et justo laoreet adipiscing amet.\n","publishDate":"2022-12-28T01:53:54.5315989+00:00"},{"id":12,"title":"Book 12","description":"Accumsan eros et gubergren gubergren accusam ut takimata. Et eirmod sed justo dolores eos justo labore sea sed et tempor enim stet sit et labore. Consetetur dolor et clita et luptatum sanctus lorem clita ut augue et. Et clita invidunt erat. Velit molestie vel lorem voluptua dolores eos stet lorem sanctus lorem. Voluptua magna consetetur et ullamcorper eirmod sanctus eum et consetetur hendrerit eirmod ipsum magna. Ipsum diam luptatum lorem lorem assum eirmod amet vulputate dignissim diam sed vero amet. Lorem lobortis aliquyam sed est diam ipsum et ipsum diam esse lorem erat aliquam. Ea ea lorem ipsum eu tempor facilisi clita est ipsum eirmod. Justo dolor duis et. In nonumy eros clita kasd lorem sed eirmod gubergren nonumy dolores magna quis. Luptatum eros invidunt ea vero praesent duis. Sit voluptua at gubergren iusto sanctus et praesent sed et labore in duis nonumy et erat. Elitr ullamcorper sadipscing iriure. Ex elitr no takimata vero congue erat takimata invidunt dolores clita. Clita possim commodo et eirmod veniam elitr ut dolor nulla takimata sed sit ipsum ea et nonumy dolor sea. Vulputate duo et sadipscing tempor nonumy.\n","pageCount":1200,"excerpt":"Et amet clita. Liber takimata eos erat ut dolor vero ad labore lobortis accusam. Rebum consequat justo et invidunt sadipscing vel ea ut diam dolore et dolor praesent ea quis nulla ea. Eum id sed nonumy lorem diam dolore vel est dolor eleifend magna vel sed tempor sadipscing suscipit.\nDolor voluptua et illum accusam lorem qui nonumy consetetur autem adipiscing duo ex. Dolore sit justo et sed takimata nostrud aliquyam clita sanctus et commodo sed ipsum in et. Sanctus et luptatum no erat ipsum dolor stet labore nonumy suscipit sit. Rebum sed sea. Odio qui nonumy et ipsum tempor justo consetetur voluptua diam. Et vulputate dolor sed consetetur et invidunt eos. Eos sea aliquip diam sea ipsum nulla sea eirmod sea ex sit et. Labore diam takimata vero. Sanctus eirmod at et facilisis dolor rebum. Eirmod aliquip kasd dolor tincidunt sit et accusam. Nobis nulla sed et consequat et molestie vero ipsum sit et nonumy et et. Sea feugiat sadipscing et at. Clita sit amet stet takimata ut. At vero sed sadipscing amet sea et consectetuer eos elitr feugiat vero et sit sed ut et clita accusam. Sed justo diam magna wisi et ut. Diam dolores eros sanctus est et lorem eleifend vero et exerci gubergren amet sit elitr. Sea justo nulla. Accusam lorem vero consequat facilisis autem dolor eu et magna possim no et ipsum. Nonummy rebum mazim takimata no at et minim ipsum labore ea sea.\nSanctus consetetur soluta cum invidunt sit at sit gubergren magna accusam vero. Ullamcorper sed at. Ipsum est dolores magna ipsum no et no eu sanctus. Te et ipsum consetetur sadipscing rebum accusam ipsum clita amet takimata diam ipsum ut. Magna no vero velit sanctus sit takimata erat. Tincidunt nonummy ut accumsan. Accusam sadipscing est eu ipsum dolor aliquam lorem. Lorem sed praesent vero. Lorem sadipscing dolore at. Veniam eum ut sadipscing dolor erat in kasd amet autem dolore ipsum tincidunt magna erat nonummy. Erat dolore sit at labore vel volutpat amet rebum esse vero et eos consetetur. Labore duo amet sed eirmod odio dolores amet volutpat sed et diam ipsum autem magna sed. Euismod erat dolore sit adipiscing magna et no vero lorem sanctus sit velit voluptua rebum. Aliquam wisi nonumy. Eos ea dolores. Aliquyam sit rebum iriure velit dolor ipsum ut possim vulputate. Nonumy amet sit sit et nulla nonumy kasd amet takimata elit justo. Sadipscing vulputate sadipscing justo et diam velit clita.\nTakimata sed at velit lorem in ut erat elitr at diam ea et eos nihil augue ipsum et amet. Elitr feugiat et consetetur takimata ipsum diam amet nonumy consetetur stet sit sed et. Eum sea sit gubergren ea takimata erat eirmod duo commodo dolores dolor dolore velit consetetur in sed. Clita nisl dolores. Sit consetetur stet ad suscipit at justo doming ipsum sit invidunt et elitr accusam sadipscing sadipscing facilisi labore sadipscing. Labore eirmod diam aliquip ut duis labore takimata praesent eum eu nibh lorem lorem no clita sed.\nUt in erat lorem imperdiet. Eum sea ullamcorper dolore. Elitr labore sed et euismod possim no dolores lorem gubergren diam sit diam diam ipsum no amet sea sed. Sea blandit lorem vero sanctus et est sanctus ipsum veniam rebum et suscipit clita labore vel. Tempor clita elitr et stet adipiscing no liber.\n","publishDate":"2022-12-27T01:53:54.5316738+00:00"},{"id":13,"title":"Book 13","description":"Nibh at dolore dolor sadipscing blandit lorem dolore magna takimata. Vero et amet illum nihil et sea aliquyam dolor et amet labore dolor consectetuer hendrerit ipsum. Ut stet magna est quis no sit sit diam diam clita illum blandit sit et autem euismod at enim. Nonumy iriure sit nonumy aliquam rebum consetetur clita at aliquyam dolore dolores amet at est. Sed dolor dolore sea et dolores sit facer eos sed dolore diam duis et et wisi no praesent. Diam dolore aliquyam no stet nulla ad sit diam dolor delenit consetetur consetetur. Accusam vero aliquyam ut clita praesent at invidunt vulputate rebum tempor magna nibh adipiscing. Et stet diam amet nulla minim enim veniam diam iriure dolore dolor amet kasd amet labore stet rebum. Sed euismod eirmod eirmod sit diam sit ipsum rebum clita invidunt. Et eos vero lobortis dolore diam ipsum dolor nonumy accusam lorem quis duis lorem invidunt sadipscing. Diam erat dolor justo velit amet veniam. Magna nihil sed sed stet voluptua vero et adipiscing. Diam esse kasd dolores feugait at eros lorem feugait eu diam sea et ea gubergren et no esse. Est voluptua at lorem dolore at sed ut lorem. Ipsum est justo te et justo at.\n","pageCount":1300,"excerpt":"Consectetuer voluptua eirmod eirmod nonummy sed magna lorem esse vero erat sanctus ad tempor sanctus erat voluptua. Clita et et lorem ut dolore tempor. Qui takimata lorem elit dolore lorem takimata ut dolor et. Ut vero ea sed illum invidunt luptatum consetetur accusam sea. Dolore liber ipsum dolor molestie ipsum nulla lorem kasd labore sit ipsum tempor ipsum vero amet justo at invidunt. At ipsum elitr. Dolore te possim dolore quis diam tempor tincidunt stet erat amet ipsum sed commodo sit et gubergren. Elitr rebum ipsum accumsan est. Iusto takimata est nisl ipsum kasd et voluptua at lorem invidunt esse justo nonummy dolores sea. Consequat ea voluptua dolores sadipscing. Accusam consectetuer no dolore lorem no kasd vel. Dolor ea duo amet. Eirmod dolor sed illum sed nonumy sea nam dolore vero tempor luptatum odio quis ut qui dolore. Tation rebum vel diam stet voluptua erat vero dolores. At in dignissim at dolor sed.\nFeugiat takimata elitr sea dolor clita. Amet diam takimata consetetur elitr. Sed ipsum amet et dolores et amet eirmod. Amet est ipsum hendrerit sit facer ea sit et ipsum amet diam takimata sit ea dolor sed. Ipsum hendrerit magna consetetur vulputate mazim no molestie sed ipsum sanctus dolore. Sed eum et justo dolor sit hendrerit sit. Eum eirmod est sadipscing et. Augue molestie augue consetetur ipsum nulla ipsum magna. Dolor sea ut no autem lorem molestie amet dolore odio eirmod illum commodo aliquam voluptua. Gubergren invidunt lorem aliquyam in dolor assum magna sadipscing lorem ea vero sed eum volutpat at est.\nJusto dolor elit vero at aliquyam qui justo rebum. Dolor tempor takimata aliquip dolores dolores et. Accusam minim at dignissim sea at diam sed. Vero diam amet amet dolor veniam dolore eum sed augue et no invidunt facer velit ea eos magna sit. Justo iusto no dolore vero. Amet congue nonumy labore minim dolor nonumy eum praesent facilisis stet kasd dolor dolores. Aliquyam invidunt eros et nonumy feugait esse. Praesent magna justo dolore sit volutpat clita amet amet illum esse et placerat no nonumy diam dolor invidunt accumsan. Ipsum quis praesent eirmod et soluta magna voluptua facilisis dolor nonumy lobortis sit ipsum hendrerit dolor invidunt. Dolores autem eleifend sit et nisl. Commodo ut est nonumy ut ad sea sea lorem et dolore duo. Et iriure dolor. Lorem invidunt iriure dolor aliquyam liber justo. Sed magna ipsum tempor eos. Amet diam vero justo stet dolor tation gubergren est iusto odio ipsum ut. Labore ut ipsum dolore invidunt ipsum dolor imperdiet dolore dolore ut et sit tempor justo. Facer ut eirmod clita labore lorem justo elitr sit. Labore et et gubergren sanctus elitr dolore et sed doming sed clita no lorem dolor elitr lorem dolor rebum.\nAt vero et molestie tempor. Vero aliquyam tempor et et sed diam clita magna eleifend dolor stet. Quod facilisis et nulla ex tempor kasd nonumy kasd labore ipsum ut dignissim. Consetetur eros magna accusam dolore eu dolor eos takimata eos in lorem rebum nibh diam clita. Takimata diam elitr eirmod ex invidunt amet tation nobis wisi ut et sadipscing vero ullamcorper et.\nDolore erat et aliquyam sanctus justo takimata ipsum eirmod adipiscing dolores labore. Feugait accusam diam eros ipsum lorem elitr sit euismod no eirmod no. Ipsum gubergren ea labore adipiscing. Sanctus delenit elit vero. Et doming ea ut ut sit et dolore. Est lorem veniam hendrerit adipiscing tempor lorem ut gubergren nulla enim in. In magna vero et nihil te consetetur at. Gubergren augue accumsan invidunt amet dolores et augue ut. Et at justo voluptua ipsum amet duo lobortis accusam labore lorem ut eirmod dignissim accusam accumsan eu.\n","publishDate":"2022-12-26T01:53:54.5317506+00:00"},{"id":14,"title":"Book 14","description":"Dignissim et sanctus amet duo lorem amet et nonumy dolor sadipscing elitr suscipit et sed vulputate magna. Tempor et voluptua tempor clita esse et duis sadipscing ea voluptua diam diam et sea no dolor nulla et. Consequat lorem liber feugiat labore lorem esse stet nihil vulputate at accumsan. Duo in gubergren sit accusam dolore takimata takimata amet. Dolor adipiscing commodo sit velit kasd eros sed accumsan nisl at accusam magna nibh tation amet. At no dolor no sed esse et nonumy ut et sea iriure et. Sed magna in hendrerit labore vel erat gubergren stet ipsum ipsum hendrerit. Ipsum ipsum magna voluptua amet lorem hendrerit quod eos amet dignissim tincidunt est velit. Et gubergren est nonumy amet sit sit eos kasd lorem est. Elitr sea sed dolor mazim sed ut voluptua dolores ea. Imperdiet lorem ipsum invidunt feugiat sit at rebum. Autem consequat wisi ea amet vel. Minim ipsum clita tempor molestie tincidunt rebum lorem esse adipiscing. Consequat amet erat sit option. Ea eu sanctus. Te et eleifend ut aliquyam facilisi sadipscing sit.\n","pageCount":1400,"excerpt":"Ea hendrerit option magna et justo ipsum dolore te consetetur ut luptatum nonummy labore. Ipsum sadipscing dolor invidunt ipsum dolor eirmod rebum erat eirmod invidunt stet labore tempor magna nonummy aliquam et. Clita duis sed invidunt vero nonumy sit lorem et eros elit ipsum et option dolor ea no. Et vulputate nibh aliquyam stet sit lorem dolor labore magna ipsum autem eos ut vero amet. Gubergren stet gubergren dolores sed ea amet stet delenit in eirmod eros no ea invidunt tempor in. Et diam magna et elit lorem veniam sed sadipscing diam aliquip euismod nulla consetetur nisl aliquyam eu. Duis et justo labore erat dolor adipiscing rebum no ea consequat hendrerit lorem erat eirmod. Rebum dolores takimata sit dolore. Ipsum commodo zzril eos clita ex.\nLorem dolore magna gubergren. Diam nulla stet magna ipsum sed lorem accusam diam autem ea in accusam sadipscing dolor dolore amet clita congue. Consequat no aliquyam at ea amet nonumy kasd eum voluptua velit diam tempor vero sadipscing vel et. Feugiat rebum nulla kasd stet in justo vero nulla qui sit eirmod nulla. Ipsum clita est clita diam sed sea eos consequat.\nAliquyam takimata gubergren dolor gubergren stet dolor eu gubergren facilisi vero magna elit justo nonummy duis eirmod sit aliquyam. Voluptua illum amet. Sea sit stet ut rebum diam invidunt id illum magna amet gubergren aliquyam wisi amet et.\nEa sadipscing id ipsum. Rebum amet sed kasd dolore magna sit ullamcorper dolores. Sit sanctus ex eirmod dolore. Sed rebum sed sadipscing assum nonumy cum sed eirmod sit consetetur dolor gubergren et sadipscing et erat gubergren tempor. Duo sea voluptua quis justo ut ex eros sit aliquip consequat tation rebum ipsum sit. Cum sadipscing duo illum lorem sit consetetur et veniam et takimata sed eum aliquip stet hendrerit gubergren. Enim dolor facilisis esse et lorem amet justo rebum dolores hendrerit est eirmod amet praesent eos. Eos labore facilisi dolores ipsum lorem duo enim consequat labore dolor. At amet iusto lorem magna labore amet lorem invidunt ipsum dolor lorem et. Et et rebum diam dolor justo takimata tempor duo gubergren eos illum voluptua sea. Eos takimata kasd feugait rebum eu zzril duo dolor ea. Amet takimata gubergren justo illum diam congue rebum hendrerit dolor est invidunt eum sadipscing gubergren sadipscing. Eos amet aliquam esse dolor labore sed dolore est nonumy ipsum no dolor diam diam dolor dolore amet. Kasd kasd et duo nulla et. Kasd takimata at elitr vero duo amet liber clita erat dolor vel. Consetetur dolor vel dolore labore clita esse amet elitr clita invidunt vero euismod eos sanctus. Aliquyam gubergren est sit sea. Dolore ut justo duis sanctus et. Enim dolores ut sed elit rebum consetetur consetetur ullamcorper at ipsum vero ipsum clita sea justo magna.\nDuo sit dolores et dolor duis ipsum et facilisis amet vulputate eos elitr sanctus at justo. Eirmod duo nulla sit esse. Tincidunt quis accusam et iriure no stet enim laoreet elit et. Velit amet sanctus elitr labore ullamcorper clita. Nonumy amet et et elitr duis sanctus diam. Rebum consequat ipsum diam ipsum sit amet nulla at et. Dolor et et duo elitr sadipscing amet lorem. Ut stet dolor erat eos dolor nulla consequat accusam gubergren et velit duo sed eos vero sed sed. Et adipiscing dolor velit accusam erat stet nulla eirmod sed delenit erat dolores molestie odio hendrerit dolor. Dolore clita dolor sea exerci laoreet est erat eu no at dolor. Sea aliquyam consetetur. At dolore dolore justo no minim molestie diam sit consetetur ullamcorper sed kasd suscipit consetetur. Exerci voluptua diam sed dolore est rebum sit aliquyam duis. Sed invidunt magna voluptua et augue voluptua no amet ut at eos takimata. Sed blandit commodo erat erat ullamcorper erat aliquyam clita voluptua. Ea hendrerit erat ut aliquyam hendrerit justo illum takimata sit erat amet amet est sit ut et et. Tempor dolor justo. Kasd et et amet at tincidunt.\n","publishDate":"2022-12-25T01:53:54.5318289+00:00"},{"id":15,"title":"Book 15","description":"Voluptua wisi takimata aliquyam eirmod ipsum vel erat. Sea feugait consequat aliquyam justo eirmod volutpat te takimata dolor consequat takimata. Accusam sed et tincidunt diam consetetur. Stet vero ut dolor stet diam ipsum duo ea ea eirmod sadipscing dolor. Et vero velit elitr sanctus clita erat sea gubergren dolores lorem est sanctus iriure nonumy vero aliquyam amet lorem. Liber lorem voluptua kasd eos ipsum eos. Kasd invidunt nisl tation dolore dolores diam ad diam sit consequat sadipscing et ut no ut invidunt. Ipsum est magna tempor dolore stet eirmod gubergren vulputate dolor eum lorem consectetuer accusam ut. Dolor ea accusam ipsum at sed eum imperdiet justo id duo eirmod.\n","pageCount":1500,"excerpt":"Aliquyam et et ipsum diam duis clita nibh gubergren sadipscing gubergren eleifend molestie wisi quod iriure. Duis takimata lorem magna iusto ipsum et et sed et et kasd vel. Eirmod sit duo option sanctus dolor dolores erat duo consequat vero ipsum sadipscing facilisis lorem sadipscing takimata ipsum. Quis ipsum vero hendrerit possim justo erat sit nulla assum. Kasd elitr no blandit at no at nostrud dolor sea duo ullamcorper. Ut eos iusto dolore dolores nonummy. Diam in magna accusam eum feugait erat. Illum eos et rebum sed tation. Eleifend sit diam sed vel aliquyam ut veniam clita autem amet consequat eirmod dolor esse at iriure justo justo. Molestie duo eum feugiat consectetuer vero labore et augue. Dolor in diam dolore. Consetetur vero invidunt quis diam diam veniam et accumsan. Invidunt ea tincidunt eos nonumy. Amet ea eu eirmod amet sadipscing commodo dolores takimata nonumy eu sed kasd iusto vero at no et ut.\nVoluptua eirmod sanctus dolor commodo voluptua ipsum dolor tempor. Aliquyam dolor voluptua tempor lobortis lorem dolor aliquam nibh. Et sit est amet rebum ullamcorper amet labore stet. Nonumy ad euismod stet sea accusam stet vero et clita clita takimata ipsum sed in ipsum diam. Duo enim no consetetur erat gubergren diam erat ut. Justo gubergren sit dolor eos sed eirmod voluptua lorem praesent dolore voluptua. Dolores blandit voluptua sed amet sit accusam tempor vel est voluptua nonummy sit eirmod dolores amet aliquip et nulla. Takimata ullamcorper tation possim et erat stet zzril sed nonumy labore. Sea ipsum vel no praesent sed duo amet et takimata. Et ut invidunt est. Amet elitr dolore lorem magna ipsum eirmod duo nihil eos diam accumsan facilisis minim. Dolore tempor eos diam quod takimata dolor exerci consetetur justo elitr lorem erat mazim sed kasd. Consetetur eirmod exerci te sea sea diam duo blandit ea at quis. Dolor diam ad dolores dolor iriure ad molestie sanctus sadipscing stet tempor eirmod et duis accusam ea. Invidunt liber erat molestie placerat velit tincidunt vero diam sed.\nZzril duis gubergren et diam duis adipiscing molestie est dolor sit accusam. Kasd in elitr stet vel esse sanctus dolore tempor consetetur. Dolor justo et erat diam nulla vel sed diam est magna et nonumy at labore elitr. Kasd ea blandit diam. Diam clita lorem tempor accumsan et dolor facilisis lorem sit lorem. Kasd sea rebum ad erat at. No no eos. Illum hendrerit voluptua. Sed magna dolor tempor ea minim sit invidunt eos et vero duis takimata tempor te. Eirmod ut iriure. Et lorem ut nulla ipsum rebum ullamcorper. Sed duis at tempor lobortis elitr. Ipsum in stet cum ipsum lorem sit lorem suscipit takimata dolor dolor. Et duo adipiscing tempor tempor nonumy diam at et ea delenit vero iriure. Aliquyam invidunt amet tempor et sanctus te clita lorem accumsan lorem magna dolore molestie. Qui takimata eirmod eos erat sadipscing ea ipsum autem. Accusam nisl quis gubergren dolor et lorem dolor sit erat sit. Eirmod dolor no dolor consetetur erat takimata sea labore sea dolore tempor. Ea sed et.\nAt consetetur labore lorem ea takimata euismod. Dolor ut ipsum mazim dolor ipsum dolor nulla sea ut diam sanctus est nonummy elitr consectetuer accusam. Nulla rebum gubergren voluptua magna dolor elitr elit nulla amet diam gubergren amet dolor delenit lobortis aliquyam et invidunt. Facilisis sadipscing aliquyam eirmod amet nisl lorem takimata duo sit consequat invidunt adipiscing feugiat diam invidunt euismod stet et. Labore nam et. Erat duis sadipscing diam et amet justo. Ut eum vero stet et consetetur ipsum gubergren et lorem dolor. Labore vero erat voluptua luptatum dolore at. Diam ipsum hendrerit diam aliquyam. Ipsum sadipscing dolor dolores in eirmod vero. Facilisis amet amet est vel eos amet et ea vel ad. Consequat invidunt nonummy augue aliquam laoreet dolore sanctus voluptua et consetetur sed ipsum eos velit aliquyam vel. Ipsum quis sanctus vero lorem no ut duo justo duis eleifend amet delenit autem ut et ea magna. Sanctus gubergren et et vulputate dolor ipsum consetetur stet tempor sit at in et et nonumy lorem suscipit. Sadipscing laoreet eirmod.\nVolutpat sea ipsum eros ipsum nulla sanctus dolor voluptua at no sadipscing amet tincidunt. Est labore facilisis aliquip eirmod accusam nostrud erat invidunt et quis sit stet zzril et duis. Sea diam quis sit dolor et soluta sed molestie kasd. Duo sit diam dolore duis suscipit ad lobortis. Justo gubergren erat sadipscing ut delenit amet et justo stet feugiat. Iusto accusam diam justo eos ipsum et vero dolor ipsum nonumy euismod nulla dolores dolore. Ea sea est ullamcorper et eirmod. Dolores ullamcorper justo delenit dolore magna. Amet sed congue dolore nulla ipsum amet rebum elitr amet dolor ea. Sanctus tation et at dolore est ex dolor ipsum lorem suscipit sit et tempor ex in esse. Nulla dolores magna magna dolore veniam labore clita kasd ut zzril tincidunt nam lorem nulla qui sit. Et sed magna ipsum lorem lorem aliquyam gubergren elit sed dolor doming labore feugiat
[...]
ed duis feugiat dolor sit enim dolor at erat voluptua vulputate accusam in. Dolore autem amet ut tempor lorem labore tempor vero elitr diam accusam dolores. Commodo et et sit. Autem tincidunt ipsum lorem accusam lorem ea dolores praesent lobortis accusam et diam tempor sadipscing. Lorem nonumy ipsum et accumsan tincidunt feugiat sit tempor accusam vero sed eros eleifend ea justo sed. Est clita soluta quis sea vel dolor no rebum accusam lorem accumsan eos est ea quis. Tincidunt stet sit ipsum dolor sit molestie sanctus illum sed commodo lobortis iriure dolore at feugiat nonumy. Kasd possim tation. Dolor nonummy lobortis justo sit at liber sanctus. Tempor dolor te ipsum odio dolor duo sadipscing consequat. Option stet tempor iusto tempor sadipscing est laoreet duo ut in justo quis. Rebum no vero lorem justo vel rebum. Vero ipsum et dolor sanctus aliquip est accusam dolore elitr. Ut takimata sanctus iusto voluptua ipsum ut ea lobortis gubergren ipsum stet accumsan. Ut dolor sit vel magna amet eros vero at ea vel justo. Ex tempor ea magna eirmod dolor consetetur eos sadipscing. Sit dolore ad et magna sit et placerat dolore amet facer.\nClita rebum duo lorem justo odio nisl dolor lorem lorem sit est vulputate sed diam eirmod dolor voluptua. Soluta diam nonumy vero labore eirmod et ex sed. Accusam dolore labore lorem elitr elitr magna et takimata vel feugiat diam illum. Clita et labore ut invidunt sanctus in elit magna eos erat rebum option. Magna est at consetetur dolore et sea accusam stet justo veniam iusto. Est consequat dolore invidunt ipsum tincidunt. Dolore takimata kasd eirmod lorem in diam aliquyam ipsum tation elitr nonumy.\n","publishDate":"2022-06-26T01:53:54.5703957+00:00"},{"id":197,"title":"Book 197","description":"Vero in ipsum suscipit voluptua autem voluptua sanctus nisl lorem lorem dolores dolore dolore magna at dignissim vero. Sanctus diam aliquyam dolor ipsum magna ut. Est dolor ut at sadipscing accusam facer magna sadipscing. Aliquyam sed consectetuer amet. Dolor consequat lobortis vero sit. Vel amet lorem sit at sed sea eum consequat dolor ipsum et autem sea iriure erat et stet delenit.\n","pageCount":19700,"excerpt":"Voluptua ut at dolore. No hendrerit qui sadipscing sanctus dolor at ut et. Kasd ipsum nonumy sed lorem aliquyam sadipscing dolore nibh vulputate dolore. Sanctus nonummy justo eirmod diam adipiscing et et eirmod amet. Sed ut diam dolor facilisi et vero amet diam clita vero. Dolor nihil diam voluptua. Duo eros sanctus cum wisi est duo dolores sadipscing eleifend sadipscing gubergren ipsum in. Eu est eos dolore elitr dolor accusam diam sit nam diam aliquip aliquyam. Dolor amet amet et est ipsum wisi ipsum diam.\nEirmod duo rebum dolor nonumy lorem ut nonumy ipsum nobis aliquyam et duo at magna clita no magna. Ea sit tation ipsum ea vero clita et sed consetetur et labore labore sit. Invidunt justo justo iusto et nulla. Ullamcorper diam quod amet zzril dolor et. Ipsum rebum vel vel no est ut ea elitr ea at. Ea ipsum diam. Dolores kasd dolor sit ea consectetuer volutpat. Amet hendrerit sit labore clita. Diam sea esse amet at ipsum rebum et sea liber sit elitr dolore luptatum.\nMagna nulla sit dolor ut sit sit diam et consetetur aliquyam. Diam et sed sea sit dolore sea sed takimata eirmod. Consetetur accusam lorem at. Sit eos dolor dolor. Exerci ipsum eos no dolores aliquyam sadipscing sit ut suscipit et ut in praesent sed dolor molestie diam eos. Te ut aliquyam takimata kasd rebum. Accusam soluta wisi duo dolores dolor luptatum qui in invidunt ipsum nulla te enim accusam facilisis rebum. Tincidunt autem rebum takimata et exerci liber nostrud tation takimata nonummy eum duis vulputate aliquyam kasd takimata lorem accusam.\nLorem wisi consetetur kasd est. Sit labore justo duis et gubergren est diam vel elitr justo. Rebum gubergren magna. Ut consetetur sit rebum diam dolor facilisi invidunt takimata duis est. Dolores diam tempor amet eros labore stet et eu kasd et dolore facilisi duo zzril labore no ut. Ex ipsum ut justo. Sed in dolore tempor sed in rebum vero sed duo sit. Kasd aliquam sit accusam ea dolores facer ea liber gubergren et et.\nJusto dolor voluptua sanctus diam dolore ea accusam duo ea sit gubergren. Rebum sit amet sed duo sed sit vel sea eirmod duo. Sadipscing labore et ipsum eos euismod takimata sit exerci ut. Stet in dolores vero at consetetur sed dolores ut magna no. Diam duo vulputate eu sea at kasd invidunt et est tempor kasd dolore aliquyam doming diam justo. Ex voluptua et lorem sadipscing et sed facilisi. Elitr invidunt dolore justo kasd et rebum ipsum sanctus ea dolor. Magna no elitr invidunt aliquip minim aliquam diam ea. Accusam sed et et aliquyam amet ipsum. Qui dolor volutpat lorem enim est vero gubergren wisi placerat sea eirmod magna delenit et dolore elit enim dolores. Aliquip labore est sanctus invidunt vero et odio rebum ex ipsum. Dolor imperdiet accumsan ea nonumy clita takimata sit soluta sit lorem elitr takimata qui esse. Erat diam dolor soluta consequat augue takimata rebum.\n","publishDate":"2022-06-25T01:53:54.5704509+00:00"},{"id":198,"title":"Book 198","description":"Volutpat diam ea nonumy. Lorem erat voluptua et sanctus nihil accusam magna iriure ullamcorper nibh eos eos duis dolor. Qui elit dolores at esse in dolore lorem invidunt labore eos dolore nonumy in. Dolor et rebum labore aliquyam. Voluptua accusam gubergren. Ipsum et dolore dignissim sadipscing magna praesent iriure molestie. Eos accusam feugiat ipsum euismod duo consetetur minim rebum dolores. No lorem elitr accusam duis kasd iriure sadipscing takimata diam lorem amet et rebum duo illum diam eum.\n","pageCount":19800,"excerpt":"Ipsum at sanctus aliquam stet duis elitr vero delenit sed et labore nulla lorem placerat et eirmod. Sit takimata sanctus. Duo sed nonumy clita et nonumy lobortis consetetur ut feugiat accusam wisi duis ad lorem lorem enim. Kasd sadipscing accusam tincidunt gubergren minim quis diam in. Lorem dolore sea dolore lorem consectetuer dolore. Sea dignissim nonumy ipsum duo vero aliquip takimata sit et. Duis ut nonumy dolore est ex et dolore eu dolor sed diam ut. Sadipscing autem vulputate. Vulputate sit kasd dignissim clita erat invidunt euismod magna eleifend. Amet ipsum amet at. Gubergren no ea lorem voluptua. At clita diam dolore labore ea dolore possim.\nAccusam nobis clita sed vero aliquyam takimata takimata lorem dolor vulputate. Sit minim sed magna nulla in amet elitr tempor eu ex sit rebum lorem vero sed dolore invidunt. Justo voluptua sed diam consetetur ut est diam justo nonummy sanctus sadipscing duis facilisis stet erat. Ut sit amet et diam praesent diam in. Eirmod tempor voluptua vero justo kasd tation dolore dolor commodo eos dolores ut sadipscing elitr sed lorem. Nobis tempor accusam. Sanctus lorem lobortis ipsum sit amet sanctus sanctus odio rebum facer dolore ut imperdiet vel sadipscing et nostrud.\nEsse blandit clita rebum et erat diam et nonumy erat ut invidunt no eros clita euismod facilisis et. Vel nulla sit nisl et dolor takimata tation sit justo nonumy elit. Et justo ipsum gubergren et sadipscing option dolore vero aliquyam voluptua voluptua. Vel lorem elitr sed sadipscing est ea zzril et dolor. Amet diam invidunt elitr stet sit dolor magna blandit vero nisl eirmod. Consectetuer invidunt dolor et vero elitr clita vulputate eos aliquyam clita dolor elitr vero labore sed. Consectetuer augue eirmod illum sadipscing sed sit tincidunt ad diam delenit ut labore. Iriure sit nibh adipiscing sed augue duis vero ipsum no rebum ea nostrud elitr at iusto rebum. Diam dolores nonumy sadipscing dolore dolor vel et nam voluptua consetetur rebum sed volutpat. Quis accusam sed te ipsum sit at facilisi lorem at delenit duo dolores.\nDolor nostrud ipsum congue eros dolores dolores. Ut praesent sed et duo et dolor. Amet placerat invidunt aliquyam luptatum no erat justo wisi erat placerat vero molestie congue ipsum nonummy eirmod diam. Commodo kasd molestie et dolore erat dolor. Lorem lorem et sanctus placerat augue clita sed feugiat diam nihil. Vero eum nulla stet vero ut labore amet dolores liber iusto commodo diam lorem elitr sed diam vero. Aliquip dolore consequat amet et et gubergren kasd ut sed labore eos ipsum labore sit. Aliquyam magna lorem duo sed dolor suscipit kasd sea elitr voluptua. No dolores tempor. Labore vero labore labore eos consetetur ipsum sit diam dolor luptatum dolores justo facilisis erat tation lorem. Et sanctus eos clita labore dolor. In diam aliquam ea invidunt nibh vel ea dolore sadipscing nonumy magna vel dolor erat vulputate sadipscing. Lorem voluptua nonummy ipsum elitr suscipit elitr sadipscing vel commodo erat euismod et. Diam sit diam exerci aliquyam. Feugait sit sanctus augue tempor mazim eos labore elitr duis aliquip nibh feugiat volutpat amet amet at et at. Et duis in velit dolore feugiat ad et accusam lorem ea lorem no sed invidunt lorem labore sit. Vulputate et magna dolor at ipsum in dolore lorem aliquyam sea sanctus euismod odio.\nDuo consequat ea laoreet et. Tincidunt dolore diam ut. Lobortis et nonumy eu gubergren feugiat iriure consequat et et lorem et et. Dolor quis ullamcorper option. Justo et sed nonumy magna et accusam justo at kasd sadipscing sit justo sit eirmod lorem kasd clita. Et aliquyam erat ipsum augue tempor. Justo sed et eirmod ut vero et kasd est et eos molestie quod sea sit consectetuer et. Sadipscing vero facilisi amet. Kasd diam accusam amet tation et lorem dolore accusam vel et eos voluptua sit facilisis. Lobortis et diam duo consequat ea eu sed ea et at consetetur vero. Et eu facilisis erat eos et amet duo aliquam dolor. Voluptua gubergren aliquyam vulputate magna eos vero at ut ea sit dolor. Eros sed nulla facilisi feugiat sed sit magna voluptua possim ipsum ea labore sea gubergren. Molestie mazim ipsum option dolor cum diam ullamcorper ipsum erat. Dolore autem accusam quod illum. Et lorem suscipit lorem ut vero takimata amet dolore diam ut lorem accusam adipiscing diam facilisi.\n","publishDate":"2022-06-24T01:53:54.5705288+00:00"},{"id":199,"title":"Book 199","description":"Tincidunt et euismod nonumy lorem diam duis dolore eirmod no ex dolor et aliquyam sed tincidunt sed possim. Ullamcorper justo commodo aliquyam dolor. Sit ipsum takimata zzril at dolore vero ipsum accusam eirmod illum ipsum. Elitr te sed dolore facilisi dolor vero consequat quis euismod ea sed gubergren vero.\n","pageCount":19900,"excerpt":"Nostrud elit at duis amet diam et autem dolor no amet voluptua sanctus facilisis ipsum illum nostrud vero. Vel diam ea diam et diam feugiat liber vero ut rebum. Magna accusam ipsum aliquyam. Tempor accusam autem diam consequat dolor sed erat stet sit facilisis. Minim augue labore autem congue dolor sit iusto minim sit option elitr diam aliquyam in justo euismod consequat esse. Tempor et sed gubergren et diam. Clita consetetur stet enim ipsum placerat. Iusto tincidunt et no amet sit ut takimata gubergren diam delenit duo dolor facer esse est. Nulla sit magna ullamcorper aliquyam nihil iriure et diam invidunt gubergren eu gubergren consequat aliquyam illum. Dolor voluptua ea dignissim est at kasd lorem et luptatum et. Aliquip et diam dignissim in sadipscing et dolore stet est invidunt. Congue est lorem. Eirmod aliquyam et diam aliquip rebum te lobortis lorem justo kasd ut ipsum. Consetetur assum rebum adipiscing adipiscing accumsan sadipscing sanctus laoreet voluptua rebum aliquyam et diam ea dolores. Ullamcorper gubergren lorem rebum erat gubergren erat amet. Sit at takimata lorem dolor consetetur nobis nibh duo sea et. Ut gubergren dolore vero at duis diam ipsum dolor nostrud ullamcorper quis vero dolor accusam. Nisl assum amet sea stet vero gubergren minim commodo invidunt gubergren ipsum aliquyam ea. Eu esse rebum.\nEx sit laoreet. Dolore ea ullamcorper dignissim placerat amet vel consetetur erat elitr placerat hendrerit magna autem duis ut. Gubergren lorem et tempor rebum duis kasd diam clita. Lorem dolor dolor invidunt facilisis sed consequat et voluptua stet eum eirmod amet sadipscing ex tation et. Sit voluptua invidunt takimata amet nulla. Voluptua est nibh et facilisis feugiat lorem et sea elitr diam eirmod ut et elitr. Elitr elit tempor sit luptatum amet ea nulla dolor sea consequat sed sadipscing eleifend voluptua nonummy et no minim. Sit et praesent vel et labore et dolor magna. Sadipscing vero lorem laoreet gubergren dolor labore est. Erat sanctus dolore ipsum molestie labore kasd placerat nostrud lorem. Sit dolor dolor elitr in dolor feugiat minim ipsum. Illum accumsan ex nonumy dolore dolor justo labore labore clita stet duo. Labore minim labore ipsum hendrerit sea ea invidunt gubergren te dolor sed. Suscipit kasd erat ea clita lorem takimata accusam sit amet. Eirmod molestie sea rebum. Clita sea lorem adipiscing amet cum amet dolore adipiscing takimata stet sea tempor. Vulputate et eirmod dolor sea vel vero adipiscing.\nNostrud invidunt gubergren ipsum consetetur nonummy iriure in consequat delenit justo clita et dolor commodo justo sea. Lorem dolores ea justo ut tempor aliquyam ad autem erat est commodo consetetur no vel et sit. Placerat invidunt velit sanctus ut delenit dolor iusto lorem accusam nonumy assum est. Takimata vulputate takimata sit ut magna sed duo dolore magna sit sit justo justo labore.\nEa gubergren adipiscing est hendrerit vero sit invidunt accusam eum sanctus commodo aliquip erat vel amet lorem commodo dignissim. Clita dolores consetetur no voluptua wisi sit consequat enim vulputate sit et diam rebum. Rebum lorem erat at amet in nonumy et aliquip eos duo sea magna amet ipsum lorem. Amet autem amet diam sadipscing doming commodo sit justo dolore lobortis ipsum takimata vulputate ut lorem dolor. Tempor et nisl dolore gubergren dolor dolore sadipscing minim tempor rebum dolor iriure zzril. Et erat kasd magna dolores et amet gubergren hendrerit nibh. Dolore nonumy vero id stet sed rebum justo ea enim tempor elitr sadipscing ipsum et sed elitr rebum. Rebum magna aliquip est quod dolor amet erat lorem et diam blandit amet amet diam nobis rebum. Clita quis iriure et labore diam velit amet ea dolor ut. Adipiscing dolores et veniam magna sea et gubergren vero iriure duo sed tempor euismod dolor. Elitr sit aliquyam dolor at rebum feugait no delenit.\nDolore qui odio clita justo vero est dolore takimata qui autem stet. Gubergren kasd quis consequat nonumy elitr sea magna sed commodo et. Magna possim sed nonummy magna kasd diam tempor accumsan stet lobortis lorem ut diam ipsum tempor autem amet rebum. Quis et dolore duo vel eros takimata. Congue consetetur te. Lorem eos et nostrud labore takimata ipsum tempor justo sit tempor consectetuer ipsum vel. Gubergren gubergren sed lorem. Et sanctus ipsum accusam lorem sea duo dolor dolore invidunt dolor sit rebum odio et. Rebum et id et duo amet consetetur labore. Nonumy esse no dolore. Diam voluptua kasd invidunt. Ea at sanctus diam justo dolor vel vero sanctus esse consetetur ut et dolor.\n","publishDate":"2022-06-23T01:53:54.5706061+00:00"},{"id":200,"title":"Book 200","description":"Ipsum aliquyam erat accusam clita eirmod dolor ea at eirmod et sanctus lorem dolor et. Amet sed dolor autem duo voluptua tation aliquyam erat sed cum ipsum ut dolore ad commodo diam. Sea sit est erat consetetur quis duis dolore labore aliquyam. Accusam enim exerci consetetur tempor ut clita qui aliquam. Ea et consetetur sit facilisi et vero justo eos dolores velit clita et ipsum elitr rebum invidunt. Sit justo vero vulputate suscipit amet augue duis sanctus aliquyam eirmod sed minim. Dolores erat aliquyam ut accumsan iriure rebum accusam euismod. Id invidunt odio et suscipit est at hendrerit sea erat at hendrerit. Lorem no eum et no gubergren duis consequat ut vero feugait diam.\n","pageCount":20000,"excerpt":"Et et stet at. Est et dolor ipsum takimata esse ut illum et luptatum duis eirmod et. Facilisi no ipsum sed invidunt sanctus eirmod no diam est ad erat no et erat congue diam nostrud. Amet justo rebum tation illum amet diam labore sit ut elitr congue ipsum nonumy eu hendrerit imperdiet dolores est. Consetetur duo duo aliquyam. Aliquyam et voluptua magna congue sit sadipscing molestie diam in invidunt et no diam eirmod rebum autem lorem. Ut at ea ullamcorper volutpat vero commodo elit sed dolor facilisi lorem stet augue nisl kasd lorem laoreet. Duis eirmod labore ipsum ut blandit qui dolores erat lorem et vero ad. Elitr blandit tincidunt congue ipsum takimata diam sanctus rebum dolor sadipscing amet sadipscing in consectetuer vero nonumy autem. Et euismod nobis dolor sit lorem justo ut elit consetetur. Veniam stet kasd sit eos amet gubergren.\nAliquam duis consetetur ipsum dolores vero. Diam consetetur lorem ut. Sea ea ea amet. Clita blandit labore dolores augue takimata eu vero duo. Consetetur nibh sit delenit iriure vero ut sadipscing ipsum sadipscing ut augue ipsum. Takimata ipsum eirmod tation dolor clita ipsum eirmod. Duo ipsum et nonumy ut rebum feugait dolores sea.\nErat et dolor nonumy nonumy labore quis adipiscing. Facilisis sed et invidunt gubergren dolor. Sit dolor eos qui hendrerit tempor feugiat sea dolores dolore eirmod laoreet vero eros dolores magna. Tincidunt sed eum illum amet clita. Elitr vulputate ad at cum rebum lorem magna et voluptua nulla autem stet vero esse ut. Gubergren sea at magna iriure delenit nisl at et sed labore tempor. Eleifend sea eum lorem et et duis sanctus labore feugait invidunt accusam duis. Elit possim ipsum at minim sit eos kasd duo gubergren in aliquyam eirmod adipiscing sanctus sed enim. Justo autem accumsan lorem sadipscing ipsum dolores sanctus eu magna aliquyam et lorem ea. Veniam aliquam sed duo sit nulla et et feugiat gubergren lorem magna feugait invidunt nulla consetetur. Voluptua veniam no molestie molestie. Dolores ea takimata et consetetur. Sed aliquip kasd ipsum aliquyam lorem ut sea ex facilisis sed amet eu. Eum kasd in delenit sanctus. Duis option amet et magna et sanctus vel amet est takimata et eros sea mazim luptatum sadipscing kasd. Diam ea dolor tempor erat congue. Erat dolor esse lorem tempor invidunt accusam aliquyam rebum vero ut lorem at commodo. Dolores no sit lorem duis nulla dolor clita aliquyam duis sadipscing veniam ut labore dolore eum labore at. Feugait ut et aliquip eos vero augue ea eros dolore et dolor at ipsum laoreet sed.\nNo takimata aliquyam dolore aliquyam lobortis tincidunt rebum diam consequat et aliquyam augue justo. Sadipscing dolore illum. Vero vulputate vero eirmod consequat ullamcorper voluptua dolor nibh praesent diam. Sea vero no amet sea diam ipsum sanctus takimata erat sit no gubergren diam. Dolor at no iusto stet. Erat invidunt eos dolor ea elitr. Veniam stet erat esse aliquam in nonummy ipsum sit amet accusam lorem exerci. Elitr consectetuer stet doming voluptua et erat ut in ullamcorper sea diam dolore. Lorem lorem elitr. Magna amet autem praesent sed et soluta aliquam dolor eum diam ipsum ut amet dolore ex sed esse nibh. Dolores dolore amet justo dolor eirmod ut at invidunt vero exerci.\nEt invidunt clita dolores no nam sadipscing takimata et vero dolor. Exerci nobis est qui et amet euismod eros laoreet eirmod sed tincidunt. Duo eu quod. Sit duo dolore sea sadipscing eirmod. Stet sit lorem illum at.\n","publishDate":"2022-06-22T01:53:54.5706711+00:00"}]</msg>
<status status="PASS" starttime="20230107 22:53:55.205" endtime="20230107 22:53:55.213"/>
</kw>
<status status="PASS" starttime="20230107 22:53:52.313" endtime="20230107 22:53:55.213"/>
</kw>
<status status="PASS" starttime="20230107 22:53:52.312" endtime="20230107 22:53:55.214"/>
</test>
<doc>Documentação da API: https://fakerestapi.azurewebsites.net/index</doc>
<status status="PASS" starttime="20230107 22:53:52.189" endtime="20230107 22:53:55.216"/>
</suite>
<statistics>
<total>
<stat pass="1" fail="0" skip="0">All Tests</stat>
</total>
<tag>
</tag>
<suite>
<stat pass="1" fail="0" skip="0" id="s1" name="TestCasesAPIBooks">TestCasesAPIBooks</stat>
</suite>
</statistics>
<errors>
</errors>
</robot>
