<?xml version="1.0" encoding="UTF-8"?>
<robot generator="Robot 6.0.1 (Python 3.11.1 on win32)" generated="20230104 22:48:46.799" rpa="false" schemaversion="3">
<suite id="s1" name="Amazon Testes Gherkin Bdd" source="C:\CursoUdemy\RobotFramework\WebTesting\amazon_testes_gherkin_bdd.robot">
<test id="s1-t1" name="Caso de Teste 01 - Acesso ao menu &quot;Eletronicos&quot;" line="10">
<kw name="Abrir o navegador" library="amazon_resources" type="SETUP">
<kw name="Open Browser" library="SeleniumLibrary">
<arg>browser=chrome</arg>
<doc>Opens a new browser instance to the optional ``url``.</doc>
<msg timestamp="20230104 22:48:46.994" level="INFO">Opening browser 'chrome' to base url 'None'.</msg>
<status status="PASS" starttime="20230104 22:48:46.994" endtime="20230104 22:48:48.526"/>
</kw>
<kw name="Maximize Browser Window" library="SeleniumLibrary">
<doc>Maximizes current browser window.</doc>
<status status="PASS" starttime="20230104 22:48:48.526" endtime="20230104 22:48:48.696"/>
</kw>
<status status="PASS" starttime="20230104 22:48:46.994" endtime="20230104 22:48:48.699"/>
</kw>
<kw name=" Dado que estou na home page da Amazon.com.br" library="amazon_resources">
<kw name=" Acessar a home page do site Amazon.com.br" library="amazon_resources">
<kw name="Go To" library="SeleniumLibrary">
<arg>url=${URL}</arg>
<doc>Navigates the current browser window to the provided ``url``.</doc>
<msg timestamp="20230104 22:48:48.705" level="INFO">Opening url 'http://www.amazon.com.br/'</msg>
<status status="PASS" starttime="20230104 22:48:48.704" endtime="20230104 22:48:51.275"/>
</kw>
<kw name="Wait Until Element Is Visible" library="SeleniumLibrary">
<arg>locator=${MENU ELETRONICOS}</arg>
<doc>Waits until the element ``locator`` is visible.</doc>
<status status="PASS" starttime="20230104 22:48:51.275" endtime="20230104 22:48:51.390"/>
</kw>
<status status="PASS" starttime="20230104 22:48:48.702" endtime="20230104 22:48:51.390"/>
</kw>
<status status="PASS" starttime="20230104 22:48:48.701" endtime="20230104 22:48:51.390"/>
</kw>
<kw name=" Quando acessar o menu &quot;Eletrônicos&quot;" library="amazon_resources">
<kw name=" Entrar no menu &quot;Eletrônicos&quot;" library="amazon_resources">
<kw name="Click Element" library="SeleniumLibrary">
<arg>locator=${MENU ELETRONICOS}</arg>
<doc>Click the element identified by ``locator``.</doc>
<msg timestamp="20230104 22:48:51.392" level="INFO">Clicking element '//a[@href='/Eletronicos-e-Tecnologia/b/?ie=UTF8&amp;node=16209062011&amp;ref_=nav_cs_electronics'][contains(.,'Eletrônicos')]'.</msg>
<status status="PASS" starttime="20230104 22:48:51.391" endtime="20230104 22:48:54.169"/>
</kw>
<status status="PASS" starttime="20230104 22:48:51.391" endtime="20230104 22:48:54.169"/>
</kw>
<status status="PASS" starttime="20230104 22:48:51.390" endtime="20230104 22:48:54.169"/>
</kw>
<kw name="Então o título da página deve ficar &quot;Eletrônicos e Tecnologia | Amazon.com.br" library="amazon_resources">
<kw name="Verificar se o título da página fica &quot;Eletrônicos e Tecnologia | Amazon.com.br&quot;" library="amazon_resources" sourcename="Verificar se o título da página fica &quot;${TITULO}&quot;">
<kw name="Title Should Be" library="SeleniumLibrary">
<arg>title=${TITULO}</arg>
<doc>Verifies that the current page title equals ``title``.</doc>
<msg timestamp="20230104 22:48:54.233" level="INFO">Page title is 'Eletrônicos e Tecnologia | Amazon.com.br'.</msg>
<status status="PASS" starttime="20230104 22:48:54.171" endtime="20230104 22:48:54.233"/>
</kw>
<status status="PASS" starttime="20230104 22:48:54.171" endtime="20230104 22:48:54.234"/>
</kw>
<status status="PASS" starttime="20230104 22:48:54.170" endtime="20230104 22:48:54.234"/>
</kw>
<kw name=" E o texto &quot;Eletrônicos e Tecnologia&quot; deve ser exibido na página" library="amazon_resources">
<kw name="Verificar se aparece a frase &quot;Eletrônicos e Tecnologia&quot;" library="amazon_resources" sourcename="Verificar se aparece a frase &quot;${FRASE}&quot;">
<kw name="Wait Until Page Contains" library="SeleniumLibrary">
<arg>text=${FRASE}</arg>
<doc>Waits until ``text`` appears on the current page.</doc>
<status status="PASS" starttime="20230104 22:48:54.235" endtime="20230104 22:48:54.330"/>
</kw>
<kw name="Wait Until Element Is Visible" library="SeleniumLibrary">
<arg>locator=${HEADER_ELETRONICOS}</arg>
<doc>Waits until the element ``locator`` is visible.</doc>
<status status="PASS" starttime="20230104 22:48:54.330" endtime="20230104 22:48:54.415"/>
</kw>
<status status="PASS" starttime="20230104 22:48:54.235" endtime="20230104 22:48:54.416"/>
</kw>
<status status="PASS" starttime="20230104 22:48:54.234" endtime="20230104 22:48:54.416"/>
</kw>
<kw name="E a categoria &quot;Computadores e Informática&quot; deve ser exibida na página" library="amazon_resources">
<kw name="Verificar se aparece a categoria &quot;Computadores e Informática&quot;" library="amazon_resources" sourcename="Verificar se aparece a categoria &quot;${NOME_CATEGORIA}&quot;">
<kw name="Element Should Be Visible" library="SeleniumLibrary">
<arg>locator=//img[contains(@alt,'${NOME_CATEGORIA}')]</arg>
<doc>Verifies that the element identified by ``locator`` is visible.</doc>
<msg timestamp="20230104 22:48:54.522" level="INFO">Element '//img[contains(@alt,'Computadores e Informática')]' is displayed.</msg>
<status status="PASS" starttime="20230104 22:48:54.418" endtime="20230104 22:48:54.522"/>
</kw>
<status status="PASS" starttime="20230104 22:48:54.417" endtime="20230104 22:48:54.522"/>
</kw>
<status status="PASS" starttime="20230104 22:48:54.417" endtime="20230104 22:48:54.522"/>
</kw>
<kw name="Fechar o navegador" library="amazon_resources" type="TEARDOWN">
<kw name="Capture Page Screenshot" library="SeleniumLibrary">
<doc>Takes a screenshot of the current page and embeds it into a log file.</doc>
<msg timestamp="20230104 22:48:54.895" level="INFO" html="true">&lt;/td&gt;&lt;/tr&gt;&lt;tr&gt;&lt;td colspan="3"&gt;&lt;a href="selenium-screenshot-5.png"&gt;&lt;img src="selenium-screenshot-5.png" width="800px"&gt;&lt;/a&gt;</msg>
<status status="PASS" starttime="20230104 22:48:54.523" endtime="20230104 22:48:54.895"/>
</kw>
<kw name="Close Browser" library="SeleniumLibrary">
<doc>Closes the current browser.</doc>
<status status="PASS" starttime="20230104 22:48:54.896" endtime="20230104 22:48:57.141"/>
</kw>
<status status="PASS" starttime="20230104 22:48:54.523" endtime="20230104 22:48:57.142"/>
</kw>
<doc>Este teste verifica o menu eletrônico do site da amazon.com.br
e verifica a categoria computador e Informatica</doc>
<tag>menus</tag>
<status status="PASS" starttime="20230104 22:48:46.992" endtime="20230104 22:48:57.143"/>
</test>
<doc>Essa suíte testa o site da Amazon.com.br</doc>
<status status="PASS" starttime="20230104 22:48:46.800" endtime="20230104 22:48:57.144"/>
</suite>
<statistics>
<total>
<stat pass="1" fail="0" skip="0">All Tests</stat>
</total>
<tag>
<stat pass="1" fail="0" skip="0">menus</stat>
</tag>
<suite>
<stat pass="1" fail="0" skip="0" id="s1" name="Amazon Testes Gherkin Bdd">Amazon Testes Gherkin Bdd</stat>
</suite>
</statistics>
<errors>
</errors>
</robot>
