<?xml version="1.0" encoding="UTF-8"?>
<robot generator="Robot 6.0.1 (Python 3.11.1 on win32)" generated="20230104 20:49:47.315" rpa="false" schemaversion="3">
<suite id="s1" name="Amazon Testes" source="C:\CursoUdemy\RobotFramework\WebTesting\amazon_testes.robot">
<test id="s1-t1" name="Caso de Teste 01 - Acesso ao menu &quot;Eletronicos&quot;" line="10">
<kw name="Abrir o navegador" library="amazon_resources" type="SETUP">
<kw name="Open Browser" library="SeleniumLibrary">
<arg>browser=chrome</arg>
<doc>Opens a new browser instance to the optional ``url``.</doc>
<msg timestamp="20230104 20:49:47.549" level="INFO">Opening browser 'chrome' to base url 'None'.</msg>
<status status="PASS" starttime="20230104 20:49:47.548" endtime="20230104 20:49:48.815"/>
</kw>
<kw name="Maximize Browser Window" library="SeleniumLibrary">
<doc>Maximizes current browser window.</doc>
<status status="PASS" starttime="20230104 20:49:48.816" endtime="20230104 20:49:48.974"/>
</kw>
<status status="PASS" starttime="20230104 20:49:47.548" endtime="20230104 20:49:48.976"/>
</kw>
<kw name=" Acessar a home page do site Amazon.com.br" library="amazon_resources">
<kw name="Go To" library="SeleniumLibrary">
<arg>url=${URL}</arg>
<doc>Navigates the current browser window to the provided ``url``.</doc>
<msg timestamp="20230104 20:49:48.997" level="INFO">Opening url 'http://www.amazon.com.br/'</msg>
<status status="PASS" starttime="20230104 20:49:48.995" endtime="20230104 20:49:51.779"/>
</kw>
<kw name="Wait Until Element Is Visible" library="SeleniumLibrary">
<arg>locator=${MENU ELETRONICOS}</arg>
<doc>Waits until the element ``locator`` is visible.</doc>
<status status="PASS" starttime="20230104 20:49:51.779" endtime="20230104 20:49:51.906"/>
</kw>
<status status="PASS" starttime="20230104 20:49:48.992" endtime="20230104 20:49:51.907"/>
</kw>
<kw name=" Entrar no menu &quot;Eletrônicos&quot;" library="amazon_resources">
<kw name="Click Element" library="SeleniumLibrary">
<arg>locator=${MENU ELETRONICOS}</arg>
<doc>Click the element identified by ``locator``.</doc>
<msg timestamp="20230104 20:49:51.914" level="INFO">Clicking element '//a[@href='/Eletronicos-e-Tecnologia/b/?ie=UTF8&amp;node=16209062011&amp;ref_=nav_cs_electronics'][contains(.,'Eletrônicos')]'.</msg>
<status status="PASS" starttime="20230104 20:49:51.910" endtime="20230104 20:49:52.921"/>
</kw>
<status status="PASS" starttime="20230104 20:49:51.909" endtime="20230104 20:49:52.921"/>
</kw>
<kw name="Verificar se aparece a frase &quot;Eletrônicos e Tecnologia&quot;" library="amazon_resources" sourcename="Verificar se aparece a frase &quot;${FRASE}&quot;">
<kw name="Wait Until Page Contains" library="SeleniumLibrary">
<arg>text=${FRASE}</arg>
<doc>Waits until ``text`` appears on the current page.</doc>
<status status="PASS" starttime="20230104 20:49:52.923" endtime="20230104 20:49:53.362"/>
</kw>
<kw name="Wait Until Element Is Visible" library="SeleniumLibrary">
<arg>locator=${HEADER_ELETRONICOS}</arg>
<doc>Waits until the element ``locator`` is visible.</doc>
<status status="PASS" starttime="20230104 20:49:53.363" endtime="20230104 20:49:54.299"/>
</kw>
<status status="PASS" starttime="20230104 20:49:52.923" endtime="20230104 20:49:54.300"/>
</kw>
<kw name="Verificar se o título da página fica &quot;Eletrônicos e Tecnologia | Amazon.com.br&quot;" library="amazon_resources" sourcename="Verificar se o título da página fica &quot;${TITULO}&quot;">
<kw name="Title Should Be" library="SeleniumLibrary">
<arg>title=${TITULO}</arg>
<doc>Verifies that the current page title equals ``title``.</doc>
<msg timestamp="20230104 20:49:54.563" level="INFO">Page title is 'Eletrônicos e Tecnologia | Amazon.com.br'.</msg>
<status status="PASS" starttime="20230104 20:49:54.302" endtime="20230104 20:49:54.563"/>
</kw>
<status status="PASS" starttime="20230104 20:49:54.301" endtime="20230104 20:49:54.563"/>
</kw>
<kw name="Verificar se aparece a categoria &quot;Computadores e Informática&quot;" library="amazon_resources" sourcename="Verificar se aparece a categoria &quot;${NOME_CATEGORIA}&quot;">
<kw name="Element Should Be Visible" library="SeleniumLibrary">
<arg>locator=//img[contains(@alt,'${NOME_CATEGORIA}')]</arg>
<doc>Verifies that the element identified by ``locator`` is visible.</doc>
<msg timestamp="20230104 20:49:55.006" level="INFO">Element '//img[contains(@alt,'Computadores e Informática')]' is displayed.</msg>
<status status="PASS" starttime="20230104 20:49:54.564" endtime="20230104 20:49:55.007"/>
</kw>
<status status="PASS" starttime="20230104 20:49:54.564" endtime="20230104 20:49:55.007"/>
</kw>
<kw name="Fechar o navegador" library="amazon_resources" type="TEARDOWN">
<kw name="Capture Page Screenshot" library="SeleniumLibrary">
<doc>Takes a screenshot of the current page and embeds it into a log file.</doc>
<msg timestamp="20230104 20:49:55.318" level="INFO" html="true">&lt;/td&gt;&lt;/tr&gt;&lt;tr&gt;&lt;td colspan="3"&gt;&lt;a href="selenium-screenshot-1.png"&gt;&lt;img src="selenium-screenshot-1.png" width="800px"&gt;&lt;/a&gt;</msg>
<status status="PASS" starttime="20230104 20:49:55.008" endtime="20230104 20:49:55.318"/>
</kw>
<kw name="Close Browser" library="SeleniumLibrary">
<doc>Closes the current browser.</doc>
<status status="PASS" starttime="20230104 20:49:55.318" endtime="20230104 20:49:57.619"/>
</kw>
<status status="PASS" starttime="20230104 20:49:55.008" endtime="20230104 20:49:57.620"/>
</kw>
<doc>Este teste verifica o menu eletrônico do site da amazon.com.br
e verifica a categoria computador e Informatica</doc>
<tag>menus</tag>
<status status="PASS" starttime="20230104 20:49:47.547" endtime="20230104 20:49:57.620"/>
</test>
<test id="s1-t2" name="Caso de Teste 02 - Pesquisa de um Produto" line="20">
<kw name="Abrir o navegador" library="amazon_resources" type="SETUP">
<kw name="Open Browser" library="SeleniumLibrary">
<arg>browser=chrome</arg>
<doc>Opens a new browser instance to the optional ``url``.</doc>
<msg timestamp="20230104 20:49:57.626" level="INFO">Opening browser 'chrome' to base url 'None'.</msg>
<status status="PASS" starttime="20230104 20:49:57.625" endtime="20230104 20:49:59.057"/>
</kw>
<kw name="Maximize Browser Window" library="SeleniumLibrary">
<doc>Maximizes current browser window.</doc>
<status status="PASS" starttime="20230104 20:49:59.057" endtime="20230104 20:49:59.205"/>
</kw>
<status status="PASS" starttime="20230104 20:49:57.624" endtime="20230104 20:49:59.205"/>
</kw>
<kw name=" Acessar a home page do site Amazon.com.br" library="amazon_resources">
<kw name="Go To" library="SeleniumLibrary">
<arg>url=${URL}</arg>
<doc>Navigates the current browser window to the provided ``url``.</doc>
<msg timestamp="20230104 20:49:59.213" level="INFO">Opening url 'http://www.amazon.com.br/'</msg>
<status status="PASS" starttime="20230104 20:49:59.212" endtime="20230104 20:50:02.087"/>
</kw>
<kw name="Wait Until Element Is Visible" library="SeleniumLibrary">
<arg>locator=${MENU ELETRONICOS}</arg>
<doc>Waits until the element ``locator`` is visible.</doc>
<status status="PASS" starttime="20230104 20:50:02.087" endtime="20230104 20:50:02.181"/>
</kw>
<status status="PASS" starttime="20230104 20:49:59.210" endtime="20230104 20:50:02.181"/>
</kw>
<kw name="Digitar o nome de produto &quot;Xbox Series S&quot; no campo de pesquisa">
<msg timestamp="20230104 20:50:02.191" level="FAIL">No keyword with name 'Digitar o nome de produto "Xbox Series S" no campo de pesquisa' found.</msg>
<status status="FAIL" starttime="20230104 20:50:02.191" endtime="20230104 20:50:02.191"/>
</kw>
<kw name="Clicar no botão de pesquisa" library="amazon_resources">
<status status="NOT RUN" starttime="20230104 20:50:02.193" endtime="20230104 20:50:02.193"/>
</kw>
<kw name="Fechar o navegador" library="amazon_resources" type="TEARDOWN">
<kw name="Capture Page Screenshot" library="SeleniumLibrary">
<doc>Takes a screenshot of the current page and embeds it into a log file.</doc>
<msg timestamp="20230104 20:50:02.788" level="INFO" html="true">&lt;/td&gt;&lt;/tr&gt;&lt;tr&gt;&lt;td colspan="3"&gt;&lt;a href="selenium-screenshot-2.png"&gt;&lt;img src="selenium-screenshot-2.png" width="800px"&gt;&lt;/a&gt;</msg>
<status status="PASS" starttime="20230104 20:50:02.197" endtime="20230104 20:50:02.788"/>
</kw>
<kw name="Close Browser" library="SeleniumLibrary">
<doc>Closes the current browser.</doc>
<status status="PASS" starttime="20230104 20:50:02.788" endtime="20230104 20:50:04.995"/>
</kw>
<status status="PASS" starttime="20230104 20:50:02.195" endtime="20230104 20:50:04.995"/>
</kw>
<doc>Esse teste verifica a busca de um produto.</doc>
<tag>busca produtos</tag>
<status status="FAIL" starttime="20230104 20:49:57.622" endtime="20230104 20:50:04.996">No keyword with name 'Digitar o nome de produto "Xbox Series S" no campo de pesquisa' found.</status>
</test>
<doc>Essa suíte testa o site da Amazon.com.br</doc>
<status status="FAIL" starttime="20230104 20:49:47.317" endtime="20230104 20:50:04.999"/>
</suite>
<statistics>
<total>
<stat pass="1" fail="1" skip="0">All Tests</stat>
</total>
<tag>
<stat pass="0" fail="1" skip="0">busca produtos</stat>
<stat pass="1" fail="0" skip="0">menus</stat>
</tag>
<suite>
<stat pass="1" fail="1" skip="0" id="s1" name="Amazon Testes">Amazon Testes</stat>
</suite>
</statistics>
<errors>
</errors>
</robot>
