<?xml version="1.0" encoding="UTF-8"?>
<robot generator="Robot 6.0.1 (Python 3.11.1 on win32)" generated="20230129 20:48:54.493" rpa="false" schemaversion="3">
<suite id="s1" name="Amazon Testes" source="C:\CursoUdemy\RobotFramework\web\amazon_testes.robot">
<test id="s1-t1" name="Caso de teste numero 1 - Acesso ao menu eletrônico" line="10">
<kw name=" Abrir o navegador" library="amazon.resources" type="SETUP">
<kw name="Open Browser" library="SeleniumLibrary">
<arg>browser=chrome</arg>
<doc>Opens a new browser instance to the optional ``url``.</doc>
<msg timestamp="20230129 20:48:54.841" level="INFO">Opening browser 'chrome' to base url 'None'.</msg>
<status status="PASS" starttime="20230129 20:48:54.840" endtime="20230129 20:48:57.107"/>
</kw>
<status status="PASS" starttime="20230129 20:48:54.840" endtime="20230129 20:48:57.107"/>
</kw>
<kw name="Acessar home page do site Amazon.com.br" library="amazon.resources">
<msg timestamp="20230129 20:48:57.109" level="FAIL">User keyword 'Acessar home page do site Amazon.com.br' contains no keywords.</msg>
<status status="FAIL" starttime="20230129 20:48:57.108" endtime="20230129 20:48:57.109"/>
</kw>
<kw name="Entrar no menu eletrônico">
<status status="NOT RUN" starttime="20230129 20:48:57.119" endtime="20230129 20:48:57.120"/>
</kw>
<kw name="Veriricar se aparece icone &quot;Computadores e Informática&quot;">
<status status="NOT RUN" starttime="20230129 20:48:57.129" endtime="20230129 20:48:57.129"/>
</kw>
<kw name=" Fechar o navegador" library="amazon.resources" type="TEARDOWN">
<kw name="Close Browser" library="SeleniumLibrary">
<doc>Closes the current browser.</doc>
<status status="PASS" starttime="20230129 20:48:57.131" endtime="20230129 20:48:59.458"/>
</kw>
<status status="PASS" starttime="20230129 20:48:57.130" endtime="20230129 20:48:59.458"/>
</kw>
<doc>Ese site verificar
o menu eletronico</doc>
<tag>menus</tag>
<status status="FAIL" starttime="20230129 20:48:54.839" endtime="20230129 20:48:59.459">User keyword 'Acessar home page do site Amazon.com.br' contains no keywords.</status>
</test>
<test id="s1-t2" name="Caso de testes numero 2 - Pesquisa de um produto" line="21">
<kw name=" Abrir o navegador" library="amazon.resources" type="SETUP">
<kw name="Open Browser" library="SeleniumLibrary">
<arg>browser=chrome</arg>
<doc>Opens a new browser instance to the optional ``url``.</doc>
<msg timestamp="20230129 20:48:59.463" level="INFO">Opening browser 'chrome' to base url 'None'.</msg>
<status status="PASS" starttime="20230129 20:48:59.463" endtime="20230129 20:49:01.895"/>
</kw>
<status status="PASS" starttime="20230129 20:48:59.462" endtime="20230129 20:49:01.896"/>
</kw>
<kw name="Acessar home page do site Amazon.com.br" library="amazon.resources">
<msg timestamp="20230129 20:49:01.901" level="FAIL">User keyword 'Acessar home page do site Amazon.com.br' contains no keywords.</msg>
<status status="FAIL" starttime="20230129 20:49:01.900" endtime="20230129 20:49:01.901"/>
</kw>
<kw name="Entrar no menu eletrônico">
<status status="NOT RUN" starttime="20230129 20:49:01.911" endtime="20230129 20:49:01.912"/>
</kw>
<kw name=" Fechar o navegador" library="amazon.resources" type="TEARDOWN">
<kw name="Close Browser" library="SeleniumLibrary">
<doc>Closes the current browser.</doc>
<status status="PASS" starttime="20230129 20:49:01.913" endtime="20230129 20:49:04.413"/>
</kw>
<status status="PASS" starttime="20230129 20:49:01.912" endtime="20230129 20:49:04.413"/>
</kw>
<doc>Esse teste verifica a busca de produtos</doc>
<tag>busca_produtos</tag>
<status status="FAIL" starttime="20230129 20:48:59.461" endtime="20230129 20:49:04.414">User keyword 'Acessar home page do site Amazon.com.br' contains no keywords.</status>
</test>
<status status="FAIL" starttime="20230129 20:48:54.496" endtime="20230129 20:49:04.417"/>
</suite>
<statistics>
<total>
<stat pass="0" fail="2" skip="0">All Tests</stat>
</total>
<tag>
<stat pass="0" fail="1" skip="0">busca_produtos</stat>
<stat pass="0" fail="1" skip="0">menus</stat>
</tag>
<suite>
<stat pass="0" fail="2" skip="0" id="s1" name="Amazon Testes">Amazon Testes</stat>
</suite>
</statistics>
<errors>
</errors>
</robot>
